<?xml version="1.0" encoding="UTF-8"?>
<coverage generated="1761480114346" clover="3.2.0">
  <project timestamp="1761480114346" name="All files">
    <metrics statements="346" coveredstatements="299" conditionals="182" coveredconditionals="149" methods="65" coveredmethods="52" elements="593" coveredelements="500" complexity="0" loc="346" ncloc="346" packages="4" files="13" classes="13"/>
    <package name="src">
      <metrics statements="344" coveredstatements="297" conditionals="182" coveredconditionals="149" methods="63" coveredmethods="51"/>
      <file name="deepEqual-helper.js" path="/Users/brunosabot/repos/github.com/brunosabot/streamline-card/src/deepEqual-helper.js">
        <metrics statements="73" coveredstatements="73" conditionals="66" coveredconditionals="66" methods="9" coveredmethods="9"/>
        <line num="1" count="3" type="stmt"/>
        <line num="2" count="46" type="cond" truecount="2" falsecount="0"/>
        <line num="3" count="4" type="stmt"/>
        <line num="5" count="42" type="stmt"/>
        <line num="6" count="1069" type="cond" truecount="2" falsecount="0"/>
        <line num="7" count="15" type="stmt"/>
        <line num="10" count="27" type="stmt"/>
        <line num="13" count="3" type="stmt"/>
        <line num="14" count="72" type="stmt"/>
        <line num="15" count="72" type="stmt"/>
        <line num="17" count="72" type="cond" truecount="2" falsecount="0"/>
        <line num="18" count="6" type="stmt"/>
        <line num="21" count="66" type="cond" truecount="2" falsecount="0"/>
        <line num="22" count="6" type="stmt"/>
        <line num="25" count="60" type="stmt"/>
        <line num="26" count="198" type="stmt"/>
        <line num="27" count="198" type="cond" truecount="2" falsecount="0"/>
        <line num="31" count="21" type="stmt"/>
        <line num="35" count="39" type="stmt"/>
        <line num="38" count="3" type="stmt"/>
        <line num="39" count="306" type="cond" truecount="4" falsecount="0"/>
        <line num="44" count="7" type="stmt"/>
        <line num="46" count="3" type="stmt"/>
        <line num="47" count="7" type="cond" truecount="2" falsecount="0"/>
        <line num="49" count="3" type="stmt"/>
        <line num="50" count="8" type="cond" truecount="2" falsecount="0"/>
        <line num="51" count="2" type="stmt"/>
        <line num="53" count="6" type="stmt"/>
        <line num="54" count="12" type="cond" truecount="2" falsecount="0"/>
        <line num="55" count="2" type="stmt"/>
        <line num="58" count="4" type="stmt"/>
        <line num="61" count="3" type="stmt"/>
        <line num="62" count="8" type="cond" truecount="2" falsecount="0"/>
        <line num="63" count="2" type="stmt"/>
        <line num="65" count="6" type="stmt"/>
        <line num="66" count="7" type="cond" truecount="4" falsecount="0"/>
        <line num="67" count="2" type="stmt"/>
        <line num="70" count="4" type="stmt"/>
        <line num="73" count="3" type="stmt"/>
        <line num="74" count="153" type="stmt"/>
        <line num="75" count="153" type="stmt"/>
        <line num="78" count="153" type="cond" truecount="2" falsecount="0"/>
        <line num="79" count="2" type="stmt"/>
        <line num="83" count="151" type="cond" truecount="2" falsecount="0"/>
        <line num="84" count="119" type="stmt"/>
        <line num="88" count="32" type="cond" truecount="4" falsecount="0"/>
        <line num="89" count="7" type="stmt"/>
        <line num="91" count="25" type="cond" truecount="4" falsecount="0"/>
        <line num="92" count="7" type="stmt"/>
        <line num="94" count="18" type="cond" truecount="4" falsecount="0"/>
        <line num="95" count="8" type="stmt"/>
        <line num="97" count="10" type="cond" truecount="4" falsecount="0"/>
        <line num="98" count="8" type="stmt"/>
        <line num="102" count="2" type="stmt"/>
        <line num="105" count="3" type="stmt"/>
        <line num="107" count="1404" type="cond" truecount="2" falsecount="0"/>
        <line num="108" count="1210" type="stmt"/>
        <line num="112" count="194" type="cond" truecount="2" falsecount="0"/>
        <line num="118" count="8" type="stmt"/>
        <line num="122" count="186" type="stmt"/>
        <line num="123" count="186" type="stmt"/>
        <line num="124" count="186" type="cond" truecount="2" falsecount="0"/>
        <line num="125" count="10" type="stmt"/>
        <line num="129" count="176" type="cond" truecount="2" falsecount="0"/>
        <line num="130" count="23" type="stmt"/>
        <line num="134" count="153" type="stmt"/>
        <line num="135" count="153" type="cond" truecount="2" falsecount="0"/>
        <line num="136" count="34" type="stmt"/>
        <line num="140" count="119" type="stmt"/>
        <line num="141" count="119" type="stmt"/>
        <line num="142" count="119" type="cond" truecount="2" falsecount="0"/>
        <line num="143" count="1" type="stmt"/>
        <line num="146" count="118" type="cond" truecount="2" falsecount="0"/>
      </file>
      <file name="evaluateJavascript-helper.js" path="/Users/brunosabot/repos/github.com/brunosabot/streamline-card/src/evaluateJavascript-helper.js">
        <metrics statements="40" coveredstatements="37" conditionals="17" coveredconditionals="15" methods="5" coveredmethods="5"/>
        <line num="1" count="4" type="stmt"/>
        <line num="3" count="18" type="stmt"/>
        <line num="10" count="4" type="stmt"/>
        <line num="11" count="15" type="cond" truecount="2" falsecount="0"/>
        <line num="12" count="8" type="stmt"/>
        <line num="13" count="8" type="stmt"/>
        <line num="19" count="0" type="stmt"/>
        <line num="24" count="15" type="stmt"/>
        <line num="27" count="4" type="stmt"/>
        <line num="28" count="15" type="cond" truecount="1" falsecount="1"/>
        <line num="29" count="15" type="stmt"/>
        <line num="30" count="15" type="stmt"/>
        <line num="32" count="15" type="stmt"/>
        <line num="34" count="0" type="stmt"/>
        <line num="37" count="4" type="stmt"/>
        <line num="38" count="18" type="stmt"/>
        <line num="40" count="18" type="stmt"/>
        <line num="41" count="31" type="cond" truecount="2" falsecount="0"/>
        <line num="42" count="4" type="stmt"/>
        <line num="43" count="4" type="stmt"/>
        <line num="44" count="4" type="cond" truecount="2" falsecount="0"/>
        <line num="45" count="2" type="stmt"/>
        <line num="46" count="2" type="stmt"/>
        <line num="47" count="2" type="cond" truecount="1" falsecount="1"/>
        <line num="48" count="2" type="stmt"/>
        <line num="49" count="2" type="stmt"/>
        <line num="51" count="0" type="stmt"/>
        <line num="54" count="3" type="cond" truecount="2" falsecount="0"/>
        <line num="55" count="1" type="stmt"/>
        <line num="56" count="1" type="stmt"/>
        <line num="58" count="2" type="stmt"/>
        <line num="60" count="27" type="cond" truecount="2" falsecount="0"/>
        <line num="61" count="1" type="stmt"/>
        <line num="62" count="26" type="cond" truecount="2" falsecount="0"/>
        <line num="63" count="13" type="stmt"/>
        <line num="64" count="13" type="stmt"/>
        <line num="65" count="13" type="stmt"/>
        <line num="70" count="4" type="cond" truecount="1" falsecount="0"/>
        <line num="71" count="15" type="stmt"/>
        <line num="72" count="15" type="stmt"/>
      </file>
      <file name="evaluateVariables-helper.js" path="/Users/brunosabot/repos/github.com/brunosabot/streamline-card/src/evaluateVariables-helper.js">
        <metrics statements="39" coveredstatements="39" conditionals="24" coveredconditionals="23" methods="3" coveredmethods="3"/>
        <line num="3" count="4" type="stmt"/>
        <line num="4" count="4" type="stmt"/>
        <line num="5" count="4" type="stmt"/>
        <line num="6" count="4" type="stmt"/>
        <line num="7" count="4" type="stmt"/>
        <line num="8" count="4" type="stmt"/>
        <line num="10" count="4" type="stmt"/>
        <line num="11" count="42" type="cond" truecount="4" falsecount="0"/>
        <line num="12" count="13" type="stmt"/>
        <line num="13" count="13" type="cond" truecount="2" falsecount="0"/>
        <line num="14" count="7" type="stmt"/>
        <line num="15" count="7" type="stmt"/>
        <line num="18" count="13" type="stmt"/>
        <line num="19" count="29" type="cond" truecount="2" falsecount="0"/>
        <line num="20" count="10" type="stmt"/>
        <line num="22" count="10" type="stmt"/>
        <line num="23" count="10" type="cond" truecount="2" falsecount="0"/>
        <line num="24" count="6" type="stmt"/>
        <line num="25" count="6" type="stmt"/>
        <line num="28" count="10" type="stmt"/>
        <line num="29" count="10" type="cond" truecount="2" falsecount="0"/>
        <line num="30" count="6" type="stmt"/>
        <line num="31" count="6" type="stmt"/>
        <line num="34" count="10" type="stmt"/>
        <line num="39" count="19" type="stmt"/>
        <line num="40" count="19" type="cond" truecount="2" falsecount="0"/>
        <line num="41" count="15" type="stmt"/>
        <line num="42" count="15" type="stmt"/>
        <line num="45" count="19" type="stmt"/>
        <line num="49" count="33" type="cond" truecount="4" falsecount="0"/>
        <line num="50" count="1" type="stmt"/>
        <line num="53" count="32" type="stmt"/>
        <line num="54" count="32" type="cond" truecount="1" falsecount="1"/>
        <line num="55" count="32" type="cond" truecount="2" falsecount="0"/>
        <line num="59" count="32" type="stmt"/>
        <line num="64" count="32" type="stmt"/>
        <line num="65" count="38" type="stmt"/>
        <line num="68" count="32" type="stmt"/>
        <line num="71" count="32" type="stmt"/>
      </file>
      <file name="evaluateYaml.js" path="/Users/brunosabot/repos/github.com/brunosabot/streamline-card/src/evaluateYaml.js">
        <metrics statements="1" coveredstatements="0" conditionals="0" coveredconditionals="0" methods="1" coveredmethods="0"/>
        <line num="4" count="0" type="stmt"/>
      </file>
      <file name="evaluteConfig-helper.js" path="/Users/brunosabot/repos/github.com/brunosabot/streamline-card/src/evaluteConfig-helper.js">
        <metrics statements="6" coveredstatements="6" conditionals="10" coveredconditionals="10" methods="1" coveredmethods="1"/>
        <line num="6" count="24" type="cond" truecount="2" falsecount="0"/>
        <line num="8" count="24" type="stmt"/>
        <line num="10" count="24" type="cond" truecount="4" falsecount="0"/>
        <line num="11" count="7" type="stmt"/>
        <line num="16" count="7" type="stmt"/>
        <line num="19" count="24" type="stmt"/>
      </file>
      <file name="fireEvent-helper.js" path="/Users/brunosabot/repos/github.com/brunosabot/streamline-card/src/fireEvent-helper.js">
        <metrics statements="5" coveredstatements="5" conditionals="1" coveredconditionals="1" methods="1" coveredmethods="1"/>
        <line num="1" count="2" type="cond" truecount="1" falsecount="0"/>
        <line num="2" count="2" type="stmt"/>
        <line num="8" count="2" type="stmt"/>
        <line num="10" count="2" type="stmt"/>
        <line num="12" count="2" type="stmt"/>
      </file>
      <file name="formatVariables-helper.js" path="/Users/brunosabot/repos/github.com/brunosabot/streamline-card/src/formatVariables-helper.js">
        <metrics statements="7" coveredstatements="7" conditionals="2" coveredconditionals="2" methods="3" coveredmethods="3"/>
        <line num="2" count="85" type="stmt"/>
        <line num="4" count="85" type="cond" truecount="2" falsecount="0"/>
        <line num="5" count="53" type="stmt"/>
        <line num="6" count="45" type="stmt"/>
        <line num="7" count="53" type="stmt"/>
        <line num="11" count="32" type="stmt"/>
        <line num="14" count="53" type="stmt"/>
      </file>
      <file name="getLovelace.helper.js" path="/Users/brunosabot/repos/github.com/brunosabot/streamline-card/src/getLovelace.helper.js">
        <metrics statements="39" coveredstatements="31" conditionals="11" coveredconditionals="6" methods="5" coveredmethods="4"/>
        <line num="1" count="1" type="stmt"/>
        <line num="2" count="1" type="stmt"/>
        <line num="4" count="1" type="stmt"/>
        <line num="5" count="2" type="stmt"/>
        <line num="6" count="2" type="stmt"/>
        <line num="7" count="2" type="stmt"/>
        <line num="8" count="2" type="stmt"/>
        <line num="9" count="2" type="stmt"/>
        <line num="11" count="2" type="cond" truecount="1" falsecount="1"/>
        <line num="12" count="0" type="stmt"/>
        <line num="13" count="0" type="stmt"/>
        <line num="14" count="0" type="stmt"/>
        <line num="17" count="2" type="stmt"/>
        <line num="20" count="1" type="stmt"/>
        <line num="21" count="2" type="stmt"/>
        <line num="22" count="2" type="stmt"/>
        <line num="23" count="2" type="stmt"/>
        <line num="24" count="2" type="stmt"/>
        <line num="25" count="2" type="stmt"/>
        <line num="28" count="2" type="cond" truecount="2" falsecount="1"/>
        <line num="29" count="2" type="stmt"/>
        <line num="30" count="2" type="stmt"/>
        <line num="31" count="2" type="stmt"/>
        <line num="33" count="2" type="cond" truecount="1" falsecount="1"/>
        <line num="34" count="0" type="stmt"/>
        <line num="35" count="0" type="stmt"/>
        <line num="36" count="0" type="stmt"/>
        <line num="39" count="2" type="stmt"/>
        <line num="42" count="1" type="stmt"/>
        <line num="43" count="2" type="cond" truecount="1" falsecount="1"/>
        <line num="44" count="2" type="stmt"/>
        <line num="46" count="2" type="stmt"/>
        <line num="49" count="1" type="stmt"/>
        <line num="50" count="2" type="cond" truecount="1" falsecount="1"/>
        <line num="51" count="2" type="stmt"/>
        <line num="53" count="2" type="stmt"/>
        <line num="56" count="1" type="stmt"/>
        <line num="57" count="0" type="stmt"/>
        <line num="58" count="0" type="stmt"/>
      </file>
      <file name="streamline-card-editor.js" path="/Users/brunosabot/repos/github.com/brunosabot/streamline-card/src/streamline-card-editor.js">
        <metrics statements="117" coveredstatements="86" conditionals="47" coveredconditionals="22" methods="28" coveredmethods="22"/>
        <line num="9" count="7" type="stmt"/>
        <line num="10" count="7" type="stmt"/>
        <line num="12" count="7" type="stmt"/>
        <line num="15" count="7" type="stmt"/>
        <line num="16" count="7" type="stmt"/>
        <line num="17" count="7" type="cond" truecount="2" falsecount="0"/>
        <line num="19" count="7" type="cond" truecount="2" falsecount="0"/>
        <line num="21" count="7" type="stmt"/>
        <line num="22" count="7" type="cond" truecount="1" falsecount="1"/>
        <line num="23" count="7" type="stmt"/>
        <line num="24" count="0" type="stmt"/>
        <line num="31" count="0" type="stmt"/>
        <line num="38" count="7" type="cond" truecount="1" falsecount="1"/>
        <line num="39" count="0" type="stmt"/>
        <line num="44" count="7" type="stmt"/>
        <line num="50" count="7" type="stmt"/>
        <line num="54" count="0" type="stmt"/>
        <line num="58" count="0" type="stmt"/>
        <line num="59" count="0" type="stmt"/>
        <line num="63" count="2" type="stmt"/>
        <line num="64" count="2" type="stmt"/>
        <line num="66" count="2" type="stmt"/>
        <line num="67" count="2" type="stmt"/>
        <line num="68" count="2" type="cond" truecount="1" falsecount="2"/>
        <line num="69" count="2" type="cond" truecount="1" falsecount="1"/>
        <line num="70" count="2" type="cond" truecount="1" falsecount="1"/>
        <line num="71" count="0" type="stmt"/>
        <line num="73" count="2" type="cond" truecount="1" falsecount="1"/>
        <line num="74" count="0" type="stmt"/>
        <line num="76" count="2" type="stmt"/>
        <line num="78" count="2" type="cond" truecount="1" falsecount="1"/>
        <line num="79" count="2" type="stmt"/>
        <line num="80" count="2" type="stmt"/>
        <line num="83" count="2" type="stmt"/>
        <line num="87" count="2" type="stmt"/>
        <line num="89" count="2" type="stmt"/>
        <line num="90" count="2" type="cond" truecount="1" falsecount="1"/>
        <line num="94" count="0" type="stmt"/>
        <line num="96" count="0" type="stmt"/>
        <line num="98" count="0" type="stmt"/>
        <line num="99" count="2" type="cond" truecount="1" falsecount="1"/>
        <line num="100" count="2" type="stmt"/>
        <line num="104" count="2" type="stmt"/>
        <line num="108" count="7" type="stmt"/>
        <line num="110" count="7" type="stmt"/>
        <line num="111" count="7" type="stmt"/>
        <line num="112" count="7" type="stmt"/>
        <line num="114" count="7" type="stmt"/>
        <line num="115" count="7" type="stmt"/>
        <line num="121" count="7" type="stmt"/>
        <line num="122" count="7" type="stmt"/>
        <line num="123" count="7" type="stmt"/>
        <line num="124" count="7" type="stmt"/>
        <line num="125" count="0" type="stmt"/>
        <line num="126" count="0" type="cond" truecount="0" falsecount="2"/>
        <line num="127" count="0" type="stmt"/>
        <line num="128" count="0" type="stmt"/>
        <line num="131" count="0" type="stmt"/>
        <line num="132" count="0" type="stmt"/>
        <line num="133" count="0" type="stmt"/>
        <line num="136" count="7" type="stmt"/>
        <line num="137" count="7" type="stmt"/>
        <line num="138" count="7" type="stmt"/>
        <line num="142" count="6" type="stmt"/>
        <line num="144" count="6" type="stmt"/>
        <line num="145" count="6" type="cond" truecount="1" falsecount="1"/>
        <line num="146" count="0" type="stmt"/>
        <line num="151" count="6" type="stmt"/>
        <line num="152" count="6" type="stmt"/>
        <line num="154" count="6" type="stmt"/>
        <line num="155" count="6" type="stmt"/>
        <line num="158" count="6" type="stmt"/>
        <line num="159" count="1" type="stmt"/>
        <line num="160" count="0" type="cond" truecount="0" falsecount="2"/>
        <line num="162" count="1" type="stmt"/>
        <line num="163" count="0" type="cond" truecount="0" falsecount="2"/>
        <line num="166" count="1" type="stmt"/>
        <line num="171" count="2" type="stmt"/>
        <line num="172" count="2" type="stmt"/>
        <line num="173" count="8" type="cond" truecount="2" falsecount="0"/>
        <line num="174" count="2" type="stmt"/>
        <line num="178" count="2" type="stmt"/>
        <line num="182" count="2" type="stmt"/>
        <line num="184" count="2" type="cond" truecount="1" falsecount="1"/>
        <line num="186" count="2" type="stmt"/>
        <line num="190" count="2" type="stmt"/>
        <line num="195" count="2" type="stmt"/>
        <line num="207" count="2" type="stmt"/>
        <line num="214" count="0" type="stmt"/>
        <line num="221" count="2" type="stmt"/>
        <line num="228" count="2" type="stmt"/>
        <line num="230" count="2" type="cond" truecount="1" falsecount="1"/>
        <line num="231" count="2" type="stmt"/>
        <line num="232" count="0" type="cond" truecount="0" falsecount="2"/>
        <line num="233" count="0" type="stmt"/>
        <line num="236" count="2" type="stmt"/>
        <line num="240" count="2" type="stmt"/>
        <line num="242" count="2" type="stmt"/>
        <line num="248" count="2" type="stmt"/>
        <line num="257" count="0" type="stmt"/>
        <line num="259" count="0" type="stmt"/>
        <line num="260" count="0" type="stmt"/>
        <line num="264" count="0" type="cond" truecount="0" falsecount="2"/>
        <line num="268" count="2" type="stmt"/>
        <line num="270" count="2" type="stmt"/>
        <line num="271" count="8" type="stmt"/>
        <line num="274" count="2" type="cond" truecount="1" falsecount="1"/>
        <line num="275" count="0" type="stmt"/>
        <line num="276" count="0" type="stmt"/>
        <line num="277" count="0" type="stmt"/>
        <line num="279" count="2" type="stmt"/>
        <line num="280" count="2" type="stmt"/>
        <line num="283" count="2" type="stmt"/>
        <line num="285" count="2" type="stmt"/>
        <line num="290" count="2" type="stmt"/>
        <line num="294" count="2" type="cond" truecount="1" falsecount="1"/>
        <line num="295" count="2" type="stmt"/>
      </file>
      <file name="templateLoader.js" path="/Users/brunosabot/repos/github.com/brunosabot/streamline-card/src/templateLoader.js">
        <metrics statements="17" coveredstatements="13" conditionals="4" coveredconditionals="4" methods="7" coveredmethods="3"/>
        <line num="3" count="2" type="stmt"/>
        <line num="4" count="2" type="stmt"/>
        <line num="6" count="2" type="stmt"/>
        <line num="8" count="2" type="stmt"/>
        <line num="9" count="4" type="cond" truecount="2" falsecount="0"/>
        <line num="10" count="2" type="stmt"/>
        <line num="11" count="0" type="stmt"/>
        <line num="13" count="0" type="stmt"/>
        <line num="14" count="0" type="stmt"/>
        <line num="17" count="4" type="stmt"/>
        <line num="20" count="2" type="stmt"/>
        <line num="21" count="7" type="stmt"/>
        <line num="23" count="7" type="cond" truecount="2" falsecount="0"/>
        <line num="24" count="2" type="stmt"/>
        <line num="25" count="2" type="stmt"/>
        <line num="26" count="0" type="stmt"/>
        <line num="29" count="7" type="stmt"/>
      </file>
    </package>
    <package name="src.__fixtures__">
      <metrics statements="0" coveredstatements="0" conditionals="0" coveredconditionals="0" methods="0" coveredmethods="0"/>
      <file name="hass.fixture.js" path="/Users/brunosabot/repos/github.com/brunosabot/streamline-card/src/__fixtures__/hass.fixture.js">
        <metrics statements="0" coveredstatements="0" conditionals="0" coveredconditionals="0" methods="0" coveredmethods="0"/>
      </file>
    </package>
    <package name="src.__mocks__">
      <metrics statements="2" coveredstatements="2" conditionals="0" coveredconditionals="0" methods="2" coveredmethods="1"/>
      <file name="getLovelace.helper.js" path="/Users/brunosabot/repos/github.com/brunosabot/streamline-card/src/__mocks__/getLovelace.helper.js">
        <metrics statements="2" coveredstatements="2" conditionals="0" coveredconditionals="0" methods="2" coveredmethods="1"/>
        <line num="1" count="1" type="stmt"/>
        <line num="3" count="5" type="stmt"/>
      </file>
    </package>
    <package name="src.templates">
      <metrics statements="0" coveredstatements="0" conditionals="0" coveredconditionals="0" methods="0" coveredmethods="0"/>
      <file name="exampleTile.js" path="/Users/brunosabot/repos/github.com/brunosabot/streamline-card/src/templates/exampleTile.js">
        <metrics statements="0" coveredstatements="0" conditionals="0" coveredconditionals="0" methods="0" coveredmethods="0"/>
      </file>
    </package>
  </project>
</coverage>
