{"/Users/brunosabot/repos/github.com/brunosabot/streamline-card/src/deepEqual-helper.js": {"path":"/Users/brunosabot/repos/github.com/brunosabot/streamline-card/src/deepEqual-helper.js","statementMap":{"0":{"start":{"line":1,"column":26},"end":{"line":11,"column":1}},"1":{"start":{"line":2,"column":2},"end":{"line":4,"column":null}},"2":{"start":{"line":3,"column":4},"end":{"line":3,"column":null}},"3":{"start":{"line":5,"column":2},"end":{"line":9,"column":null}},"4":{"start":{"line":5,"column":19},"end":{"line":5,"column":20}},"5":{"start":{"line":6,"column":4},"end":{"line":8,"column":null}},"6":{"start":{"line":7,"column":6},"end":{"line":7,"column":null}},"7":{"start":{"line":10,"column":2},"end":{"line":10,"column":null}},"8":{"start":{"line":13,"column":27},"end":{"line":36,"column":1}},"9":{"start":{"line":14,"column":16},"end":{"line":14,"column":33}},"10":{"start":{"line":15,"column":16},"end":{"line":15,"column":33}},"11":{"start":{"line":17,"column":2},"end":{"line":19,"column":null}},"12":{"start":{"line":18,"column":4},"end":{"line":18,"column":null}},"13":{"start":{"line":21,"column":2},"end":{"line":23,"column":null}},"14":{"start":{"line":22,"column":4},"end":{"line":22,"column":null}},"15":{"start":{"line":25,"column":2},"end":{"line":33,"column":null}},"16":{"start":{"line":25,"column":19},"end":{"line":25,"column":20}},"17":{"start":{"line":26,"column":16},"end":{"line":26,"column":28}},"18":{"start":{"line":27,"column":4},"end":{"line":32,"column":null}},"19":{"start":{"line":31,"column":6},"end":{"line":31,"column":null}},"20":{"start":{"line":35,"column":2},"end":{"line":35,"column":null}},"21":{"start":{"line":38,"column":22},"end":{"line":42,"column":20}},"22":{"start":{"line":39,"column":2},"end":{"line":42,"column":20}},"23":{"start":{"line":44,"column":21},"end":{"line":44,"column":74}},"24":{"start":{"line":44,"column":39},"end":{"line":44,"column":74}},"25":{"start":{"line":46,"column":23},"end":{"line":47,"column":66}},"26":{"start":{"line":47,"column":2},"end":{"line":47,"column":66}},"27":{"start":{"line":49,"column":20},"end":{"line":59,"column":1}},"28":{"start":{"line":50,"column":2},"end":{"line":52,"column":null}},"29":{"start":{"line":51,"column":4},"end":{"line":51,"column":null}},"30":{"start":{"line":53,"column":2},"end":{"line":57,"column":null}},"31":{"start":{"line":54,"column":4},"end":{"line":56,"column":null}},"32":{"start":{"line":55,"column":6},"end":{"line":55,"column":null}},"33":{"start":{"line":58,"column":2},"end":{"line":58,"column":null}},"34":{"start":{"line":61,"column":20},"end":{"line":71,"column":1}},"35":{"start":{"line":62,"column":2},"end":{"line":64,"column":null}},"36":{"start":{"line":63,"column":4},"end":{"line":63,"column":null}},"37":{"start":{"line":65,"column":2},"end":{"line":69,"column":null}},"38":{"start":{"line":66,"column":4},"end":{"line":68,"column":null}},"39":{"start":{"line":67,"column":6},"end":{"line":67,"column":null}},"40":{"start":{"line":70,"column":2},"end":{"line":70,"column":null}},"41":{"start":{"line":73,"column":28},"end":{"line":103,"column":1}},"42":{"start":{"line":74,"column":21},"end":{"line":74,"column":40}},"43":{"start":{"line":75,"column":21},"end":{"line":75,"column":40}},"44":{"start":{"line":78,"column":2},"end":{"line":80,"column":null}},"45":{"start":{"line":79,"column":4},"end":{"line":79,"column":null}},"46":{"start":{"line":83,"column":2},"end":{"line":85,"column":null}},"47":{"start":{"line":84,"column":4},"end":{"line":84,"column":null}},"48":{"start":{"line":88,"column":2},"end":{"line":90,"column":null}},"49":{"start":{"line":89,"column":4},"end":{"line":89,"column":null}},"50":{"start":{"line":91,"column":2},"end":{"line":93,"column":null}},"51":{"start":{"line":92,"column":4},"end":{"line":92,"column":null}},"52":{"start":{"line":94,"column":2},"end":{"line":96,"column":null}},"53":{"start":{"line":95,"column":4},"end":{"line":95,"column":null}},"54":{"start":{"line":97,"column":2},"end":{"line":99,"column":null}},"55":{"start":{"line":98,"column":4},"end":{"line":98,"column":null}},"56":{"start":{"line":102,"column":2},"end":{"line":102,"column":null}},"57":{"start":{"line":105,"column":18},"end":{"line":149,"column":1}},"58":{"start":{"line":107,"column":2},"end":{"line":109,"column":null}},"59":{"start":{"line":108,"column":4},"end":{"line":108,"column":null}},"60":{"start":{"line":112,"column":2},"end":{"line":119,"column":null}},"61":{"start":{"line":118,"column":4},"end":{"line":118,"column":null}},"62":{"start":{"line":122,"column":16},"end":{"line":122,"column":27}},"63":{"start":{"line":123,"column":16},"end":{"line":123,"column":27}},"64":{"start":{"line":124,"column":2},"end":{"line":126,"column":null}},"65":{"start":{"line":125,"column":4},"end":{"line":125,"column":null}},"66":{"start":{"line":129,"column":2},"end":{"line":131,"column":null}},"67":{"start":{"line":130,"column":4},"end":{"line":130,"column":null}},"68":{"start":{"line":134,"column":24},"end":{"line":134,"column":66}},"69":{"start":{"line":135,"column":2},"end":{"line":137,"column":null}},"70":{"start":{"line":136,"column":4},"end":{"line":136,"column":null}},"71":{"start":{"line":140,"column":19},"end":{"line":140,"column":38}},"72":{"start":{"line":141,"column":19},"end":{"line":141,"column":38}},"73":{"start":{"line":142,"column":2},"end":{"line":144,"column":null}},"74":{"start":{"line":143,"column":4},"end":{"line":143,"column":null}},"75":{"start":{"line":146,"column":2},"end":{"line":148,"column":null}}},"fnMap":{"0":{"name":"(anonymous_0)","decl":{"start":{"line":1,"column":26},"end":{"line":1,"column":27}},"loc":{"start":{"line":1,"column":53},"end":{"line":11,"column":1}},"line":1},"1":{"name":"(anonymous_1)","decl":{"start":{"line":13,"column":27},"end":{"line":13,"column":28}},"loc":{"start":{"line":13,"column":54},"end":{"line":36,"column":1}},"line":13},"2":{"name":"(anonymous_2)","decl":{"start":{"line":38,"column":22},"end":{"line":38,"column":23}},"loc":{"start":{"line":39,"column":2},"end":{"line":42,"column":20}},"line":39},"3":{"name":"(anonymous_3)","decl":{"start":{"line":44,"column":21},"end":{"line":44,"column":22}},"loc":{"start":{"line":44,"column":39},"end":{"line":44,"column":74}},"line":44},"4":{"name":"(anonymous_4)","decl":{"start":{"line":46,"column":23},"end":{"line":46,"column":24}},"loc":{"start":{"line":47,"column":2},"end":{"line":47,"column":66}},"line":47},"5":{"name":"(anonymous_5)","decl":{"start":{"line":49,"column":20},"end":{"line":49,"column":21}},"loc":{"start":{"line":49,"column":36},"end":{"line":59,"column":1}},"line":49},"6":{"name":"(anonymous_6)","decl":{"start":{"line":61,"column":20},"end":{"line":61,"column":21}},"loc":{"start":{"line":61,"column":47},"end":{"line":71,"column":1}},"line":61},"7":{"name":"(anonymous_7)","decl":{"start":{"line":73,"column":28},"end":{"line":73,"column":29}},"loc":{"start":{"line":73,"column":55},"end":{"line":103,"column":1}},"line":73},"8":{"name":"(anonymous_8)","decl":{"start":{"line":105,"column":18},"end":{"line":105,"column":19}},"loc":{"start":{"line":105,"column":34},"end":{"line":149,"column":1}},"line":105}},"branchMap":{"0":{"loc":{"start":{"line":2,"column":2},"end":{"line":4,"column":null}},"type":"if","locations":[{"start":{"line":2,"column":2},"end":{"line":4,"column":null}},{"start":{},"end":{}}],"line":2},"1":{"loc":{"start":{"line":6,"column":4},"end":{"line":8,"column":null}},"type":"if","locations":[{"start":{"line":6,"column":4},"end":{"line":8,"column":null}},{"start":{},"end":{}}],"line":6},"2":{"loc":{"start":{"line":17,"column":2},"end":{"line":19,"column":null}},"type":"if","locations":[{"start":{"line":17,"column":2},"end":{"line":19,"column":null}},{"start":{},"end":{}}],"line":17},"3":{"loc":{"start":{"line":21,"column":2},"end":{"line":23,"column":null}},"type":"if","locations":[{"start":{"line":21,"column":2},"end":{"line":23,"column":null}},{"start":{},"end":{}}],"line":21},"4":{"loc":{"start":{"line":27,"column":4},"end":{"line":32,"column":null}},"type":"if","locations":[{"start":{"line":27,"column":4},"end":{"line":32,"column":null}},{"start":{},"end":{}}],"line":27},"5":{"loc":{"start":{"line":28,"column":6},"end":{"line":29,"column":null}},"type":"binary-expr","locations":[{"start":{"line":28,"column":6},"end":{"line":28,"column":40}},{"start":{"line":29,"column":6},"end":{"line":29,"column":null}}],"line":28},"6":{"loc":{"start":{"line":39,"column":2},"end":{"line":42,"column":20}},"type":"binary-expr","locations":[{"start":{"line":39,"column":2},"end":{"line":39,"column":21}},{"start":{"line":40,"column":2},"end":{"line":40,"column":23}},{"start":{"line":41,"column":2},"end":{"line":41,"column":20}},{"start":{"line":42,"column":2},"end":{"line":42,"column":20}}],"line":39},"7":{"loc":{"start":{"line":47,"column":2},"end":{"line":47,"column":66}},"type":"binary-expr","locations":[{"start":{"line":47,"column":2},"end":{"line":47,"column":33}},{"start":{"line":47,"column":37},"end":{"line":47,"column":66}}],"line":47},"8":{"loc":{"start":{"line":50,"column":2},"end":{"line":52,"column":null}},"type":"if","locations":[{"start":{"line":50,"column":2},"end":{"line":52,"column":null}},{"start":{},"end":{}}],"line":50},"9":{"loc":{"start":{"line":54,"column":4},"end":{"line":56,"column":null}},"type":"if","locations":[{"start":{"line":54,"column":4},"end":{"line":56,"column":null}},{"start":{},"end":{}}],"line":54},"10":{"loc":{"start":{"line":62,"column":2},"end":{"line":64,"column":null}},"type":"if","locations":[{"start":{"line":62,"column":2},"end":{"line":64,"column":null}},{"start":{},"end":{}}],"line":62},"11":{"loc":{"start":{"line":66,"column":4},"end":{"line":68,"column":null}},"type":"if","locations":[{"start":{"line":66,"column":4},"end":{"line":68,"column":null}},{"start":{},"end":{}}],"line":66},"12":{"loc":{"start":{"line":66,"column":8},"end":{"line":66,"column":76}},"type":"binary-expr","locations":[{"start":{"line":66,"column":8},"end":{"line":66,"column":31}},{"start":{"line":66,"column":35},"end":{"line":66,"column":76}}],"line":66},"13":{"loc":{"start":{"line":78,"column":2},"end":{"line":80,"column":null}},"type":"if","locations":[{"start":{"line":78,"column":2},"end":{"line":80,"column":null}},{"start":{},"end":{}}],"line":78},"14":{"loc":{"start":{"line":83,"column":2},"end":{"line":85,"column":null}},"type":"if","locations":[{"start":{"line":83,"column":2},"end":{"line":85,"column":null}},{"start":{},"end":{}}],"line":83},"15":{"loc":{"start":{"line":88,"column":2},"end":{"line":90,"column":null}},"type":"if","locations":[{"start":{"line":88,"column":2},"end":{"line":90,"column":null}},{"start":{},"end":{}}],"line":88},"16":{"loc":{"start":{"line":88,"column":6},"end":{"line":88,"column":50}},"type":"binary-expr","locations":[{"start":{"line":88,"column":6},"end":{"line":88,"column":26}},{"start":{"line":88,"column":30},"end":{"line":88,"column":50}}],"line":88},"17":{"loc":{"start":{"line":91,"column":2},"end":{"line":93,"column":null}},"type":"if","locations":[{"start":{"line":91,"column":2},"end":{"line":93,"column":null}},{"start":{},"end":{}}],"line":91},"18":{"loc":{"start":{"line":91,"column":6},"end":{"line":91,"column":54}},"type":"binary-expr","locations":[{"start":{"line":91,"column":6},"end":{"line":91,"column":28}},{"start":{"line":91,"column":32},"end":{"line":91,"column":54}}],"line":91},"19":{"loc":{"start":{"line":94,"column":2},"end":{"line":96,"column":null}},"type":"if","locations":[{"start":{"line":94,"column":2},"end":{"line":96,"column":null}},{"start":{},"end":{}}],"line":94},"20":{"loc":{"start":{"line":94,"column":6},"end":{"line":94,"column":48}},"type":"binary-expr","locations":[{"start":{"line":94,"column":6},"end":{"line":94,"column":25}},{"start":{"line":94,"column":29},"end":{"line":94,"column":48}}],"line":94},"21":{"loc":{"start":{"line":97,"column":2},"end":{"line":99,"column":null}},"type":"if","locations":[{"start":{"line":97,"column":2},"end":{"line":99,"column":null}},{"start":{},"end":{}}],"line":97},"22":{"loc":{"start":{"line":97,"column":6},"end":{"line":97,"column":48}},"type":"binary-expr","locations":[{"start":{"line":97,"column":6},"end":{"line":97,"column":25}},{"start":{"line":97,"column":29},"end":{"line":97,"column":48}}],"line":97},"23":{"loc":{"start":{"line":107,"column":2},"end":{"line":109,"column":null}},"type":"if","locations":[{"start":{"line":107,"column":2},"end":{"line":109,"column":null}},{"start":{},"end":{}}],"line":107},"24":{"loc":{"start":{"line":112,"column":2},"end":{"line":119,"column":null}},"type":"if","locations":[{"start":{"line":112,"column":2},"end":{"line":119,"column":null}},{"start":{},"end":{}}],"line":112},"25":{"loc":{"start":{"line":113,"column":4},"end":{"line":116,"column":null}},"type":"binary-expr","locations":[{"start":{"line":113,"column":4},"end":{"line":113,"column":17}},{"start":{"line":114,"column":4},"end":{"line":114,"column":22}},{"start":{"line":115,"column":4},"end":{"line":115,"column":17}},{"start":{"line":116,"column":4},"end":{"line":116,"column":null}}],"line":113},"26":{"loc":{"start":{"line":124,"column":2},"end":{"line":126,"column":null}},"type":"if","locations":[{"start":{"line":124,"column":2},"end":{"line":126,"column":null}},{"start":{},"end":{}}],"line":124},"27":{"loc":{"start":{"line":129,"column":2},"end":{"line":131,"column":null}},"type":"if","locations":[{"start":{"line":129,"column":2},"end":{"line":131,"column":null}},{"start":{},"end":{}}],"line":129},"28":{"loc":{"start":{"line":135,"column":2},"end":{"line":137,"column":null}},"type":"if","locations":[{"start":{"line":135,"column":2},"end":{"line":137,"column":null}},{"start":{},"end":{}}],"line":135},"29":{"loc":{"start":{"line":142,"column":2},"end":{"line":144,"column":null}},"type":"if","locations":[{"start":{"line":142,"column":2},"end":{"line":144,"column":null}},{"start":{},"end":{}}],"line":142},"30":{"loc":{"start":{"line":146,"column":9},"end":{"line":148,"column":47}},"type":"cond-expr","locations":[{"start":{"line":147,"column":6},"end":{"line":147,"column":null}},{"start":{"line":148,"column":6},"end":{"line":148,"column":47}}],"line":146}},"s":{"0":3,"1":46,"2":4,"3":42,"4":42,"5":1069,"6":15,"7":27,"8":3,"9":72,"10":72,"11":72,"12":6,"13":66,"14":6,"15":60,"16":60,"17":198,"18":198,"19":21,"20":39,"21":3,"22":306,"23":3,"24":7,"25":3,"26":7,"27":3,"28":8,"29":2,"30":6,"31":12,"32":2,"33":4,"34":3,"35":8,"36":2,"37":6,"38":7,"39":2,"40":4,"41":3,"42":153,"43":153,"44":153,"45":2,"46":151,"47":119,"48":32,"49":7,"50":25,"51":7,"52":18,"53":8,"54":10,"55":8,"56":2,"57":3,"58":1404,"59":1210,"60":194,"61":8,"62":186,"63":186,"64":186,"65":10,"66":176,"67":23,"68":153,"69":153,"70":34,"71":119,"72":119,"73":119,"74":1,"75":118},"f":{"0":46,"1":72,"2":306,"3":7,"4":7,"5":8,"6":8,"7":153,"8":1404},"b":{"0":[4,42],"1":[15,1054],"2":[6,66],"3":[6,60],"4":[21,177],"5":[198,197],"6":[306,290,275,257],"7":[7,6],"8":[2,6],"9":[2,10],"10":[2,6],"11":[2,5],"12":[7,7],"13":[2,151],"14":[119,32],"15":[7,25],"16":[32,8],"17":[7,18],"18":[25,7],"19":[8,10],"20":[18,9],"21":[8,2],"22":[10,8],"23":[1210,194],"24":[8,186],"25":[194,189,188,187],"26":[10,176],"27":[23,153],"28":[34,119],"29":[1,118],"30":[46,72]},"meta":{"lastBranch":31,"lastFunction":9,"lastStatement":76,"seen":{"s:1:26:11:1":0,"f:1:26:1:27":0,"b:2:2:4:Infinity:undefined:undefined:undefined:undefined":0,"s:2:2:4:Infinity":1,"s:3:4:3:Infinity":2,"s:5:2:9:Infinity":3,"s:5:19:5:20":4,"b:6:4:8:Infinity:undefined:undefined:undefined:undefined":1,"s:6:4:8:Infinity":5,"s:7:6:7:Infinity":6,"s:10:2:10:Infinity":7,"s:13:27:36:1":8,"f:13:27:13:28":1,"s:14:16:14:33":9,"s:15:16:15:33":10,"b:17:2:19:Infinity:undefined:undefined:undefined:undefined":2,"s:17:2:19:Infinity":11,"s:18:4:18:Infinity":12,"b:21:2:23:Infinity:undefined:undefined:undefined:undefined":3,"s:21:2:23:Infinity":13,"s:22:4:22:Infinity":14,"s:25:2:33:Infinity":15,"s:25:19:25:20":16,"s:26:16:26:28":17,"b:27:4:32:Infinity:undefined:undefined:undefined:undefined":4,"s:27:4:32:Infinity":18,"b:28:6:28:40:29:6:29:Infinity":5,"s:31:6:31:Infinity":19,"s:35:2:35:Infinity":20,"s:38:22:42:20":21,"f:38:22:38:23":2,"s:39:2:42:20":22,"b:39:2:39:21:40:2:40:23:41:2:41:20:42:2:42:20":6,"s:44:21:44:74":23,"f:44:21:44:22":3,"s:44:39:44:74":24,"s:46:23:47:66":25,"f:46:23:46:24":4,"s:47:2:47:66":26,"b:47:2:47:33:47:37:47:66":7,"s:49:20:59:1":27,"f:49:20:49:21":5,"b:50:2:52:Infinity:undefined:undefined:undefined:undefined":8,"s:50:2:52:Infinity":28,"s:51:4:51:Infinity":29,"s:53:2:57:Infinity":30,"b:54:4:56:Infinity:undefined:undefined:undefined:undefined":9,"s:54:4:56:Infinity":31,"s:55:6:55:Infinity":32,"s:58:2:58:Infinity":33,"s:61:20:71:1":34,"f:61:20:61:21":6,"b:62:2:64:Infinity:undefined:undefined:undefined:undefined":10,"s:62:2:64:Infinity":35,"s:63:4:63:Infinity":36,"s:65:2:69:Infinity":37,"b:66:4:68:Infinity:undefined:undefined:undefined:undefined":11,"s:66:4:68:Infinity":38,"b:66:8:66:31:66:35:66:76":12,"s:67:6:67:Infinity":39,"s:70:2:70:Infinity":40,"s:73:28:103:1":41,"f:73:28:73:29":7,"s:74:21:74:40":42,"s:75:21:75:40":43,"b:78:2:80:Infinity:undefined:undefined:undefined:undefined":13,"s:78:2:80:Infinity":44,"s:79:4:79:Infinity":45,"b:83:2:85:Infinity:undefined:undefined:undefined:undefined":14,"s:83:2:85:Infinity":46,"s:84:4:84:Infinity":47,"b:88:2:90:Infinity:undefined:undefined:undefined:undefined":15,"s:88:2:90:Infinity":48,"b:88:6:88:26:88:30:88:50":16,"s:89:4:89:Infinity":49,"b:91:2:93:Infinity:undefined:undefined:undefined:undefined":17,"s:91:2:93:Infinity":50,"b:91:6:91:28:91:32:91:54":18,"s:92:4:92:Infinity":51,"b:94:2:96:Infinity:undefined:undefined:undefined:undefined":19,"s:94:2:96:Infinity":52,"b:94:6:94:25:94:29:94:48":20,"s:95:4:95:Infinity":53,"b:97:2:99:Infinity:undefined:undefined:undefined:undefined":21,"s:97:2:99:Infinity":54,"b:97:6:97:25:97:29:97:48":22,"s:98:4:98:Infinity":55,"s:102:2:102:Infinity":56,"s:105:18:149:1":57,"f:105:18:105:19":8,"b:107:2:109:Infinity:undefined:undefined:undefined:undefined":23,"s:107:2:109:Infinity":58,"s:108:4:108:Infinity":59,"b:112:2:119:Infinity:undefined:undefined:undefined:undefined":24,"s:112:2:119:Infinity":60,"b:113:4:113:17:114:4:114:22:115:4:115:17:116:4:116:Infinity":25,"s:118:4:118:Infinity":61,"s:122:16:122:27":62,"s:123:16:123:27":63,"b:124:2:126:Infinity:undefined:undefined:undefined:undefined":26,"s:124:2:126:Infinity":64,"s:125:4:125:Infinity":65,"b:129:2:131:Infinity:undefined:undefined:undefined:undefined":27,"s:129:2:131:Infinity":66,"s:130:4:130:Infinity":67,"s:134:24:134:66":68,"b:135:2:137:Infinity:undefined:undefined:undefined:undefined":28,"s:135:2:137:Infinity":69,"s:136:4:136:Infinity":70,"s:140:19:140:38":71,"s:141:19:141:38":72,"b:142:2:144:Infinity:undefined:undefined:undefined:undefined":29,"s:142:2:144:Infinity":73,"s:143:4:143:Infinity":74,"s:146:2:148:Infinity":75,"b:147:6:147:Infinity:148:6:148:47":30}}}
,"/Users/brunosabot/repos/github.com/brunosabot/streamline-card/src/evaluateJavascript-helper.js": {"path":"/Users/brunosabot/repos/github.com/brunosabot/streamline-card/src/evaluateJavascript-helper.js","statementMap":{"0":{"start":{"line":1,"column":22},"end":{"line":1,"column":31}},"1":{"start":{"line":3,"column":32},"end":{"line":8,"column":2}},"2":{"start":{"line":3,"column":54},"end":{"line":8,"column":1}},"3":{"start":{"line":10,"column":23},"end":{"line":25,"column":1}},"4":{"start":{"line":11,"column":2},"end":{"line":23,"column":null}},"5":{"start":{"line":12,"column":4},"end":{"line":22,"column":null}},"6":{"start":{"line":13,"column":6},"end":{"line":17,"column":null}},"7":{"start":{"line":19,"column":6},"end":{"line":21,"column":null}},"8":{"start":{"line":24,"column":2},"end":{"line":24,"column":null}},"9":{"start":{"line":27,"column":21},"end":{"line":35,"column":1}},"10":{"start":{"line":28,"column":2},"end":{"line":33,"column":null}},"11":{"start":{"line":29,"column":21},"end":{"line":29,"column":26}},"12":{"start":{"line":30,"column":15},"end":{"line":30,"column":46}},"13":{"start":{"line":32,"column":4},"end":{"line":32,"column":null}},"14":{"start":{"line":34,"column":2},"end":{"line":34,"column":null}},"15":{"start":{"line":37,"column":22},"end":{"line":68,"column":1}},"16":{"start":{"line":38,"column":18},"end":{"line":38,"column":58}},"17":{"start":{"line":40,"column":2},"end":{"line":67,"column":null}},"18":{"start":{"line":41,"column":4},"end":{"line":66,"column":null}},"19":{"start":{"line":42,"column":23},"end":{"line":42,"column":25}},"20":{"start":{"line":43,"column":6},"end":{"line":53,"column":null}},"21":{"start":{"line":44,"column":8},"end":{"line":52,"column":null}},"22":{"start":{"line":45,"column":10},"end":{"line":45,"column":null}},"23":{"start":{"line":46,"column":10},"end":{"line":46,"column":null}},"24":{"start":{"line":47,"column":15},"end":{"line":52,"column":null}},"25":{"start":{"line":48,"column":33},"end":{"line":48,"column":60}},"26":{"start":{"line":49,"column":10},"end":{"line":49,"column":null}},"27":{"start":{"line":51,"column":10},"end":{"line":51,"column":null}},"28":{"start":{"line":54,"column":6},"end":{"line":59,"column":null}},"29":{"start":{"line":55,"column":8},"end":{"line":55,"column":null}},"30":{"start":{"line":56,"column":8},"end":{"line":56,"column":null}},"31":{"start":{"line":58,"column":8},"end":{"line":58,"column":null}},"32":{"start":{"line":60,"column":11},"end":{"line":66,"column":null}},"33":{"start":{"line":61,"column":6},"end":{"line":61,"column":null}},"34":{"start":{"line":62,"column":11},"end":{"line":66,"column":null}},"35":{"start":{"line":63,"column":29},"end":{"line":63,"column":57}},"36":{"start":{"line":64,"column":6},"end":{"line":64,"column":null}},"37":{"start":{"line":65,"column":6},"end":{"line":65,"column":null}},"38":{"start":{"line":70,"column":27},"end":{"line":73,"column":1}},"39":{"start":{"line":71,"column":2},"end":{"line":71,"column":null}},"40":{"start":{"line":72,"column":2},"end":{"line":72,"column":null}}},"fnMap":{"0":{"name":"(anonymous_0)","decl":{"start":{"line":3,"column":32},"end":{"line":3,"column":33}},"loc":{"start":{"line":3,"column":54},"end":{"line":8,"column":1}},"line":3},"1":{"name":"(anonymous_1)","decl":{"start":{"line":10,"column":23},"end":{"line":10,"column":24}},"loc":{"start":{"line":10,"column":43},"end":{"line":25,"column":1}},"line":10},"2":{"name":"(anonymous_2)","decl":{"start":{"line":27,"column":21},"end":{"line":27,"column":22}},"loc":{"start":{"line":27,"column":41},"end":{"line":35,"column":1}},"line":27},"3":{"name":"(anonymous_3)","decl":{"start":{"line":37,"column":22},"end":{"line":37,"column":23}},"loc":{"start":{"line":37,"column":53},"end":{"line":68,"column":1}},"line":37},"4":{"name":"(anonymous_4)","decl":{"start":{"line":70,"column":27},"end":{"line":70,"column":28}},"loc":{"start":{"line":70,"column":61},"end":{"line":73,"column":1}},"line":70}},"branchMap":{"0":{"loc":{"start":{"line":11,"column":2},"end":{"line":23,"column":null}},"type":"if","locations":[{"start":{"line":11,"column":2},"end":{"line":23,"column":null}},{"start":{},"end":{}}],"line":11},"1":{"loc":{"start":{"line":28,"column":2},"end":{"line":33,"column":null}},"type":"if","locations":[{"start":{"line":28,"column":2},"end":{"line":33,"column":null}},{"start":{},"end":{}}],"line":28},"2":{"loc":{"start":{"line":41,"column":4},"end":{"line":66,"column":null}},"type":"if","locations":[{"start":{"line":41,"column":4},"end":{"line":66,"column":null}},{"start":{"line":60,"column":11},"end":{"line":66,"column":null}}],"line":41},"3":{"loc":{"start":{"line":44,"column":8},"end":{"line":52,"column":null}},"type":"if","locations":[{"start":{"line":44,"column":8},"end":{"line":52,"column":null}},{"start":{"line":47,"column":15},"end":{"line":52,"column":null}}],"line":44},"4":{"loc":{"start":{"line":47,"column":15},"end":{"line":52,"column":null}},"type":"if","locations":[{"start":{"line":47,"column":15},"end":{"line":52,"column":null}},{"start":{"line":50,"column":15},"end":{"line":52,"column":null}}],"line":47},"5":{"loc":{"start":{"line":54,"column":6},"end":{"line":59,"column":null}},"type":"if","locations":[{"start":{"line":54,"column":6},"end":{"line":59,"column":null}},{"start":{"line":57,"column":13},"end":{"line":59,"column":null}}],"line":54},"6":{"loc":{"start":{"line":60,"column":11},"end":{"line":66,"column":null}},"type":"if","locations":[{"start":{"line":60,"column":11},"end":{"line":66,"column":null}},{"start":{"line":62,"column":11},"end":{"line":66,"column":null}}],"line":60},"7":{"loc":{"start":{"line":62,"column":11},"end":{"line":66,"column":null}},"type":"if","locations":[{"start":{"line":62,"column":11},"end":{"line":66,"column":null}},{"start":{},"end":{}}],"line":62},"8":{"loc":{"start":{"line":70,"column":42},"end":{"line":70,"column":56}},"type":"default-arg","locations":[{"start":{"line":70,"column":54},"end":{"line":70,"column":56}}],"line":70}},"s":{"0":4,"1":4,"2":18,"3":4,"4":15,"5":8,"6":8,"7":0,"8":15,"9":4,"10":15,"11":15,"12":15,"13":15,"14":0,"15":4,"16":18,"17":18,"18":31,"19":4,"20":4,"21":4,"22":2,"23":2,"24":2,"25":2,"26":2,"27":0,"28":3,"29":1,"30":1,"31":2,"32":27,"33":1,"34":26,"35":13,"36":13,"37":13,"38":4,"39":15,"40":15},"f":{"0":18,"1":15,"2":15,"3":18,"4":15},"b":{"0":[8,7],"1":[15,0],"2":[4,27],"3":[2,2],"4":[2,0],"5":[1,2],"6":[1,26],"7":[13,13],"8":[15]},"meta":{"lastBranch":9,"lastFunction":5,"lastStatement":41,"seen":{"s:1:22:1:31":0,"s:3:32:8:2":1,"f:3:32:3:33":0,"s:3:54:8:1":2,"s:10:23:25:1":3,"f:10:23:10:24":1,"b:11:2:23:Infinity:undefined:undefined:undefined:undefined":0,"s:11:2:23:Infinity":4,"s:12:4:22:Infinity":5,"s:13:6:17:Infinity":6,"s:19:6:21:Infinity":7,"s:24:2:24:Infinity":8,"s:27:21:35:1":9,"f:27:21:27:22":2,"b:28:2:33:Infinity:undefined:undefined:undefined:undefined":1,"s:28:2:33:Infinity":10,"s:29:21:29:26":11,"s:30:15:30:46":12,"s:32:4:32:Infinity":13,"s:34:2:34:Infinity":14,"s:37:22:68:1":15,"f:37:22:37:23":3,"s:38:18:38:58":16,"s:40:2:67:Infinity":17,"b:41:4:66:Infinity:60:11:66:Infinity":2,"s:41:4:66:Infinity":18,"s:42:23:42:25":19,"s:43:6:53:Infinity":20,"b:44:8:52:Infinity:47:15:52:Infinity":3,"s:44:8:52:Infinity":21,"s:45:10:45:Infinity":22,"s:46:10:46:Infinity":23,"b:47:15:52:Infinity:50:15:52:Infinity":4,"s:47:15:52:Infinity":24,"s:48:33:48:60":25,"s:49:10:49:Infinity":26,"s:51:10:51:Infinity":27,"b:54:6:59:Infinity:57:13:59:Infinity":5,"s:54:6:59:Infinity":28,"s:55:8:55:Infinity":29,"s:56:8:56:Infinity":30,"s:58:8:58:Infinity":31,"b:60:11:66:Infinity:62:11:66:Infinity":6,"s:60:11:66:Infinity":32,"s:61:6:61:Infinity":33,"b:62:11:66:Infinity:undefined:undefined:undefined:undefined":7,"s:62:11:66:Infinity":34,"s:63:29:63:57":35,"s:64:6:64:Infinity":36,"s:65:6:65:Infinity":37,"s:70:27:73:1":38,"f:70:27:70:28":4,"b:70:54:70:56":8,"s:71:2:71:Infinity":39,"s:72:2:72:Infinity":40}}}
,"/Users/brunosabot/repos/github.com/brunosabot/streamline-card/src/evaluateVariables-helper.js": {"path":"/Users/brunosabot/repos/github.com/brunosabot/streamline-card/src/evaluateVariables-helper.js","statementMap":{"0":{"start":{"line":3,"column":26},"end":{"line":3,"column":35}},"1":{"start":{"line":4,"column":29},"end":{"line":4,"column":38}},"2":{"start":{"line":5,"column":23},"end":{"line":5,"column":32}},"3":{"start":{"line":6,"column":22},"end":{"line":6,"column":31}},"4":{"start":{"line":7,"column":22},"end":{"line":7,"column":31}},"5":{"start":{"line":8,"column":25},"end":{"line":8,"column":31}},"6":{"start":{"line":10,"column":35},"end":{"line":46,"column":1}},"7":{"start":{"line":11,"column":2},"end":{"line":37,"column":null}},"8":{"start":{"line":12,"column":14},"end":{"line":12,"column":40}},"9":{"start":{"line":13,"column":4},"end":{"line":16,"column":null}},"10":{"start":{"line":14,"column":6},"end":{"line":14,"column":null}},"11":{"start":{"line":15,"column":6},"end":{"line":15,"column":null}},"12":{"start":{"line":18,"column":4},"end":{"line":18,"column":null}},"13":{"start":{"line":19,"column":9},"end":{"line":37,"column":null}},"14":{"start":{"line":20,"column":24},"end":{"line":20,"column":45}},"15":{"start":{"line":22,"column":20},"end":{"line":22,"column":49}},"16":{"start":{"line":23,"column":4},"end":{"line":26,"column":null}},"17":{"start":{"line":24,"column":6},"end":{"line":24,"column":null}},"18":{"start":{"line":25,"column":6},"end":{"line":25,"column":null}},"19":{"start":{"line":28,"column":14},"end":{"line":28,"column":37}},"20":{"start":{"line":29,"column":4},"end":{"line":32,"column":null}},"21":{"start":{"line":30,"column":6},"end":{"line":30,"column":null}},"22":{"start":{"line":31,"column":6},"end":{"line":31,"column":null}},"23":{"start":{"line":34,"column":4},"end":{"line":36,"column":null}},"24":{"start":{"line":39,"column":12},"end":{"line":39,"column":34}},"25":{"start":{"line":40,"column":2},"end":{"line":43,"column":null}},"26":{"start":{"line":41,"column":4},"end":{"line":41,"column":null}},"27":{"start":{"line":42,"column":4},"end":{"line":42,"column":null}},"28":{"start":{"line":45,"column":2},"end":{"line":45,"column":null}},"29":{"start":{"line":49,"column":2},"end":{"line":51,"column":null}},"30":{"start":{"line":50,"column":4},"end":{"line":50,"column":null}},"31":{"start":{"line":53,"column":19},"end":{"line":53,"column":64}},"32":{"start":{"line":54,"column":2},"end":{"line":69,"column":null}},"33":{"start":{"line":55,"column":25},"end":{"line":57,"column":46}},"34":{"start":{"line":59,"column":28},"end":{"line":62,"column":5}},"35":{"start":{"line":64,"column":4},"end":{"line":66,"column":null}},"36":{"start":{"line":65,"column":6},"end":{"line":65,"column":null}},"37":{"start":{"line":68,"column":4},"end":{"line":68,"column":null}},"38":{"start":{"line":71,"column":2},"end":{"line":71,"column":null}}},"fnMap":{"0":{"name":"(anonymous_0)","decl":{"start":{"line":10,"column":35},"end":{"line":10,"column":36}},"loc":{"start":{"line":10,"column":67},"end":{"line":46,"column":1}},"line":10},"1":{"name":"evaluateVariables","decl":{"start":{"line":48,"column":24},"end":{"line":48,"column":41}},"loc":{"start":{"line":48,"column":69},"end":{"line":72,"column":null}},"line":48},"2":{"name":"(anonymous_2)","decl":{"start":{"line":64,"column":44},"end":{"line":64,"column":45}},"loc":{"start":{"line":64,"column":62},"end":{"line":66,"column":5}},"line":64}},"branchMap":{"0":{"loc":{"start":{"line":11,"column":2},"end":{"line":37,"column":null}},"type":"if","locations":[{"start":{"line":11,"column":2},"end":{"line":37,"column":null}},{"start":{"line":19,"column":9},"end":{"line":37,"column":null}}],"line":11},"1":{"loc":{"start":{"line":11,"column":6},"end":{"line":11,"column":61}},"type":"binary-expr","locations":[{"start":{"line":11,"column":6},"end":{"line":11,"column":31}},{"start":{"line":11,"column":35},"end":{"line":11,"column":61}}],"line":11},"2":{"loc":{"start":{"line":13,"column":4},"end":{"line":16,"column":null}},"type":"if","locations":[{"start":{"line":13,"column":4},"end":{"line":16,"column":null}},{"start":{},"end":{}}],"line":13},"3":{"loc":{"start":{"line":19,"column":9},"end":{"line":37,"column":null}},"type":"if","locations":[{"start":{"line":19,"column":9},"end":{"line":37,"column":null}},{"start":{},"end":{}}],"line":19},"4":{"loc":{"start":{"line":23,"column":4},"end":{"line":26,"column":null}},"type":"if","locations":[{"start":{"line":23,"column":4},"end":{"line":26,"column":null}},{"start":{},"end":{}}],"line":23},"5":{"loc":{"start":{"line":29,"column":4},"end":{"line":32,"column":null}},"type":"if","locations":[{"start":{"line":29,"column":4},"end":{"line":32,"column":null}},{"start":{},"end":{}}],"line":29},"6":{"loc":{"start":{"line":40,"column":2},"end":{"line":43,"column":null}},"type":"if","locations":[{"start":{"line":40,"column":2},"end":{"line":43,"column":null}},{"start":{},"end":{}}],"line":40},"7":{"loc":{"start":{"line":49,"column":2},"end":{"line":51,"column":null}},"type":"if","locations":[{"start":{"line":49,"column":2},"end":{"line":51,"column":null}},{"start":{},"end":{}}],"line":49},"8":{"loc":{"start":{"line":49,"column":6},"end":{"line":49,"column":43}},"type":"binary-expr","locations":[{"start":{"line":49,"column":6},"end":{"line":49,"column":16}},{"start":{"line":49,"column":20},"end":{"line":49,"column":43}}],"line":49},"9":{"loc":{"start":{"line":54,"column":2},"end":{"line":69,"column":null}},"type":"if","locations":[{"start":{"line":54,"column":2},"end":{"line":69,"column":null}},{"start":{},"end":{}}],"line":54},"10":{"loc":{"start":{"line":55,"column":25},"end":{"line":57,"column":46}},"type":"cond-expr","locations":[{"start":{"line":56,"column":8},"end":{"line":56,"column":null}},{"start":{"line":57,"column":8},"end":{"line":57,"column":46}}],"line":55},"11":{"loc":{"start":{"line":60,"column":25},"end":{"line":60,"column":53}},"type":"binary-expr","locations":[{"start":{"line":60,"column":25},"end":{"line":60,"column":47}},{"start":{"line":60,"column":51},"end":{"line":60,"column":53}}],"line":60}},"s":{"0":4,"1":4,"2":4,"3":4,"4":4,"5":4,"6":4,"7":42,"8":13,"9":13,"10":7,"11":7,"12":13,"13":29,"14":10,"15":10,"16":10,"17":6,"18":6,"19":10,"20":10,"21":6,"22":6,"23":10,"24":19,"25":19,"26":15,"27":15,"28":19,"29":33,"30":1,"31":32,"32":32,"33":32,"34":32,"35":32,"36":38,"37":32,"38":32},"f":{"0":42,"1":33,"2":38},"b":{"0":[13,29],"1":[42,34],"2":[7,6],"3":[10,19],"4":[6,4],"5":[6,4],"6":[15,4],"7":[1,32],"8":[33,1],"9":[32,0],"10":[30,2],"11":[32,12]},"meta":{"lastBranch":12,"lastFunction":3,"lastStatement":39,"seen":{"s:3:26:3:35":0,"s:4:29:4:38":1,"s:5:23:5:32":2,"s:6:22:6:31":3,"s:7:22:7:31":4,"s:8:25:8:31":5,"s:10:35:46:1":6,"f:10:35:10:36":0,"b:11:2:37:Infinity:19:9:37:Infinity":0,"s:11:2:37:Infinity":7,"b:11:6:11:31:11:35:11:61":1,"s:12:14:12:40":8,"b:13:4:16:Infinity:undefined:undefined:undefined:undefined":2,"s:13:4:16:Infinity":9,"s:14:6:14:Infinity":10,"s:15:6:15:Infinity":11,"s:18:4:18:Infinity":12,"b:19:9:37:Infinity:undefined:undefined:undefined:undefined":3,"s:19:9:37:Infinity":13,"s:20:24:20:45":14,"s:22:20:22:49":15,"b:23:4:26:Infinity:undefined:undefined:undefined:undefined":4,"s:23:4:26:Infinity":16,"s:24:6:24:Infinity":17,"s:25:6:25:Infinity":18,"s:28:14:28:37":19,"b:29:4:32:Infinity:undefined:undefined:undefined:undefined":5,"s:29:4:32:Infinity":20,"s:30:6:30:Infinity":21,"s:31:6:31:Infinity":22,"s:34:4:36:Infinity":23,"s:39:12:39:34":24,"b:40:2:43:Infinity:undefined:undefined:undefined:undefined":6,"s:40:2:43:Infinity":25,"s:41:4:41:Infinity":26,"s:42:4:42:Infinity":27,"s:45:2:45:Infinity":28,"f:48:24:48:41":1,"b:49:2:51:Infinity:undefined:undefined:undefined:undefined":7,"s:49:2:51:Infinity":29,"b:49:6:49:16:49:20:49:43":8,"s:50:4:50:Infinity":30,"s:53:19:53:64":31,"b:54:2:69:Infinity:undefined:undefined:undefined:undefined":9,"s:54:2:69:Infinity":32,"s:55:25:57:46":33,"b:56:8:56:Infinity:57:8:57:46":10,"s:59:28:62:5":34,"b:60:25:60:47:60:51:60:53":11,"s:64:4:66:Infinity":35,"f:64:44:64:45":2,"s:65:6:65:Infinity":36,"s:68:4:68:Infinity":37,"s:71:2:71:Infinity":38}}}
,"/Users/brunosabot/repos/github.com/brunosabot/streamline-card/src/evaluateYaml.js": {"path":"/Users/brunosabot/repos/github.com/brunosabot/streamline-card/src/evaluateYaml.js","statementMap":{"0":{"start":{"line":4,"column":2},"end":{"line":4,"column":null}}},"fnMap":{"0":{"name":"evaluateYaml","decl":{"start":{"line":3,"column":24},"end":{"line":3,"column":36}},"loc":{"start":{"line":3,"column":49},"end":{"line":5,"column":null}},"line":3}},"branchMap":{},"s":{"0":0},"f":{"0":0},"b":{},"meta":{"lastBranch":0,"lastFunction":1,"lastStatement":1,"seen":{"f:3:24:3:36":0,"s:4:2:4:Infinity":0}}}
,"/Users/brunosabot/repos/github.com/brunosabot/streamline-card/src/evaluteConfig-helper.js": {"path":"/Users/brunosabot/repos/github.com/brunosabot/streamline-card/src/evaluteConfig-helper.js","statementMap":{"0":{"start":{"line":6,"column":14},"end":{"line":6,"column":65}},"1":{"start":{"line":8,"column":34},"end":{"line":8,"column":41}},"2":{"start":{"line":10,"column":2},"end":{"line":17,"column":null}},"3":{"start":{"line":11,"column":25},"end":{"line":14,"column":5}},"4":{"start":{"line":16,"column":4},"end":{"line":16,"column":null}},"5":{"start":{"line":19,"column":2},"end":{"line":19,"column":null}}},"fnMap":{"0":{"name":"evaluateConfig","decl":{"start":{"line":5,"column":24},"end":{"line":5,"column":38}},"loc":{"start":{"line":5,"column":75},"end":{"line":20,"column":null}},"line":5}},"branchMap":{"0":{"loc":{"start":{"line":6,"column":49},"end":{"line":6,"column":64}},"type":"binary-expr","locations":[{"start":{"line":6,"column":49},"end":{"line":6,"column":58}},{"start":{"line":6,"column":62},"end":{"line":6,"column":64}}],"line":6},"1":{"loc":{"start":{"line":10,"column":2},"end":{"line":17,"column":null}},"type":"if","locations":[{"start":{"line":10,"column":2},"end":{"line":17,"column":null}},{"start":{},"end":{}}],"line":10},"2":{"loc":{"start":{"line":10,"column":6},"end":{"line":10,"column":50}},"type":"binary-expr","locations":[{"start":{"line":10,"column":6},"end":{"line":10,"column":19}},{"start":{"line":10,"column":23},"end":{"line":10,"column":50}}],"line":10},"3":{"loc":{"start":{"line":12,"column":25},"end":{"line":12,"column":53}},"type":"binary-expr","locations":[{"start":{"line":12,"column":25},"end":{"line":12,"column":47}},{"start":{"line":12,"column":51},"end":{"line":12,"column":53}}],"line":12},"4":{"loc":{"start":{"line":13,"column":25},"end":{"line":13,"column":40}},"type":"binary-expr","locations":[{"start":{"line":13,"column":25},"end":{"line":13,"column":34}},{"start":{"line":13,"column":38},"end":{"line":13,"column":40}}],"line":13}},"s":{"0":24,"1":24,"2":24,"3":7,"4":7,"5":24},"f":{"0":24},"b":{"0":[24,1],"1":[7,17],"2":[24,16],"3":[7,2],"4":[7,1]},"meta":{"lastBranch":5,"lastFunction":1,"lastStatement":6,"seen":{"f:5:24:5:38":0,"s:6:14:6:65":0,"b:6:49:6:58:6:62:6:64":0,"s:8:34:8:41":1,"b:10:2:17:Infinity:undefined:undefined:undefined:undefined":1,"s:10:2:17:Infinity":2,"b:10:6:10:19:10:23:10:50":2,"s:11:25:14:5":3,"b:12:25:12:47:12:51:12:53":3,"b:13:25:13:34:13:38:13:40":4,"s:16:4:16:Infinity":4,"s:19:2:19:Infinity":5}}}
,"/Users/brunosabot/repos/github.com/brunosabot/streamline-card/src/fireEvent-helper.js": {"path":"/Users/brunosabot/repos/github.com/brunosabot/streamline-card/src/fireEvent-helper.js","statementMap":{"0":{"start":{"line":1,"column":18},"end":{"line":13,"column":1}},"1":{"start":{"line":2,"column":16},"end":{"line":6,"column":4}},"2":{"start":{"line":8,"column":2},"end":{"line":8,"column":null}},"3":{"start":{"line":10,"column":2},"end":{"line":10,"column":null}},"4":{"start":{"line":12,"column":2},"end":{"line":12,"column":null}}},"fnMap":{"0":{"name":"(anonymous_0)","decl":{"start":{"line":1,"column":18},"end":{"line":1,"column":19}},"loc":{"start":{"line":1,"column":47},"end":{"line":13,"column":1}},"line":1}},"branchMap":{"0":{"loc":{"start":{"line":1,"column":31},"end":{"line":1,"column":42}},"type":"default-arg","locations":[{"start":{"line":1,"column":40},"end":{"line":1,"column":42}}],"line":1}},"s":{"0":2,"1":2,"2":2,"3":2,"4":2},"f":{"0":2},"b":{"0":[2]},"meta":{"lastBranch":1,"lastFunction":1,"lastStatement":5,"seen":{"s:1:18:13:1":0,"f:1:18:1:19":0,"b:1:40:1:42":0,"s:2:16:6:4":1,"s:8:2:8:Infinity":2,"s:10:2:10:Infinity":3,"s:12:2:12:Infinity":4}}}
,"/Users/brunosabot/repos/github.com/brunosabot/streamline-card/src/formatVariables-helper.js": {"path":"/Users/brunosabot/repos/github.com/brunosabot/streamline-card/src/formatVariables-helper.js","statementMap":{"0":{"start":{"line":2,"column":29},"end":{"line":2,"column":31}},"1":{"start":{"line":4,"column":2},"end":{"line":12,"column":null}},"2":{"start":{"line":5,"column":4},"end":{"line":9,"column":null}},"3":{"start":{"line":6,"column":6},"end":{"line":8,"column":null}},"4":{"start":{"line":7,"column":8},"end":{"line":7,"column":null}},"5":{"start":{"line":11,"column":4},"end":{"line":11,"column":null}},"6":{"start":{"line":14,"column":2},"end":{"line":14,"column":null}}},"fnMap":{"0":{"name":"formatVariables","decl":{"start":{"line":1,"column":24},"end":{"line":1,"column":39}},"loc":{"start":{"line":1,"column":51},"end":{"line":15,"column":null}},"line":1},"1":{"name":"(anonymous_1)","decl":{"start":{"line":5,"column":22},"end":{"line":5,"column":23}},"loc":{"start":{"line":5,"column":36},"end":{"line":9,"column":5}},"line":5},"2":{"name":"(anonymous_2)","decl":{"start":{"line":6,"column":39},"end":{"line":6,"column":40}},"loc":{"start":{"line":6,"column":57},"end":{"line":8,"column":7}},"line":6}},"branchMap":{"0":{"loc":{"start":{"line":4,"column":2},"end":{"line":12,"column":null}},"type":"if","locations":[{"start":{"line":4,"column":2},"end":{"line":12,"column":null}},{"start":{"line":10,"column":9},"end":{"line":12,"column":null}}],"line":4}},"s":{"0":85,"1":85,"2":53,"3":45,"4":53,"5":32,"6":53},"f":{"0":85,"1":45,"2":53},"b":{"0":[53,32]},"meta":{"lastBranch":1,"lastFunction":3,"lastStatement":7,"seen":{"f:1:24:1:39":0,"s:2:29:2:31":0,"b:4:2:12:Infinity:10:9:12:Infinity":0,"s:4:2:12:Infinity":1,"s:5:4:9:Infinity":2,"f:5:22:5:23":1,"s:6:6:8:Infinity":3,"f:6:39:6:40":2,"s:7:8:7:Infinity":4,"s:11:4:11:Infinity":5,"s:14:2:14:Infinity":6}}}
,"/Users/brunosabot/repos/github.com/brunosabot/streamline-card/src/getLovelace.helper.js": {"path":"/Users/brunosabot/repos/github.com/brunosabot/streamline-card/src/getLovelace.helper.js","statementMap":{"0":{"start":{"line":1,"column":20},"end":{"line":1,"column":24}},"1":{"start":{"line":2,"column":24},"end":{"line":2,"column":28}},"2":{"start":{"line":4,"column":25},"end":{"line":18,"column":1}},"3":{"start":{"line":5,"column":13},"end":{"line":5,"column":46}},"4":{"start":{"line":6,"column":2},"end":{"line":6,"column":null}},"5":{"start":{"line":7,"column":2},"end":{"line":7,"column":null}},"6":{"start":{"line":8,"column":2},"end":{"line":8,"column":null}},"7":{"start":{"line":9,"column":2},"end":{"line":9,"column":null}},"8":{"start":{"line":11,"column":2},"end":{"line":15,"column":null}},"9":{"start":{"line":12,"column":15},"end":{"line":12,"column":28}},"10":{"start":{"line":13,"column":4},"end":{"line":13,"column":null}},"11":{"start":{"line":14,"column":4},"end":{"line":14,"column":null}},"12":{"start":{"line":17,"column":2},"end":{"line":17,"column":null}},"13":{"start":{"line":20,"column":21},"end":{"line":40,"column":1}},"14":{"start":{"line":21,"column":13},"end":{"line":21,"column":53}},"15":{"start":{"line":22,"column":2},"end":{"line":22,"column":null}},"16":{"start":{"line":23,"column":2},"end":{"line":23,"column":null}},"17":{"start":{"line":24,"column":2},"end":{"line":24,"column":null}},"18":{"start":{"line":25,"column":2},"end":{"line":27,"column":null}},"19":{"start":{"line":28,"column":2},"end":{"line":28,"column":null}},"20":{"start":{"line":29,"column":2},"end":{"line":29,"column":null}},"21":{"start":{"line":30,"column":2},"end":{"line":30,"column":null}},"22":{"start":{"line":31,"column":2},"end":{"line":31,"column":null}},"23":{"start":{"line":33,"column":2},"end":{"line":37,"column":null}},"24":{"start":{"line":34,"column":15},"end":{"line":34,"column":28}},"25":{"start":{"line":35,"column":4},"end":{"line":35,"column":null}},"26":{"start":{"line":36,"column":4},"end":{"line":36,"column":null}},"27":{"start":{"line":39,"column":2},"end":{"line":39,"column":null}},"28":{"start":{"line":42,"column":31},"end":{"line":47,"column":1}},"29":{"start":{"line":43,"column":2},"end":{"line":45,"column":null}},"30":{"start":{"line":44,"column":4},"end":{"line":44,"column":null}},"31":{"start":{"line":46,"column":2},"end":{"line":46,"column":null}},"32":{"start":{"line":49,"column":27},"end":{"line":54,"column":1}},"33":{"start":{"line":50,"column":2},"end":{"line":52,"column":null}},"34":{"start":{"line":51,"column":4},"end":{"line":51,"column":null}},"35":{"start":{"line":53,"column":2},"end":{"line":53,"column":null}},"36":{"start":{"line":56,"column":34},"end":{"line":59,"column":1}},"37":{"start":{"line":57,"column":2},"end":{"line":57,"column":null}},"38":{"start":{"line":58,"column":2},"end":{"line":58,"column":null}}},"fnMap":{"0":{"name":"(anonymous_0)","decl":{"start":{"line":4,"column":25},"end":{"line":4,"column":26}},"loc":{"start":{"line":4,"column":31},"end":{"line":18,"column":1}},"line":4},"1":{"name":"(anonymous_1)","decl":{"start":{"line":20,"column":21},"end":{"line":20,"column":22}},"loc":{"start":{"line":20,"column":27},"end":{"line":40,"column":1}},"line":20},"2":{"name":"(anonymous_2)","decl":{"start":{"line":42,"column":31},"end":{"line":42,"column":32}},"loc":{"start":{"line":42,"column":37},"end":{"line":47,"column":1}},"line":42},"3":{"name":"(anonymous_3)","decl":{"start":{"line":49,"column":27},"end":{"line":49,"column":28}},"loc":{"start":{"line":49,"column":33},"end":{"line":54,"column":1}},"line":49},"4":{"name":"(anonymous_4)","decl":{"start":{"line":56,"column":34},"end":{"line":56,"column":35}},"loc":{"start":{"line":56,"column":40},"end":{"line":59,"column":1}},"line":56}},"branchMap":{"0":{"loc":{"start":{"line":11,"column":2},"end":{"line":15,"column":null}},"type":"if","locations":[{"start":{"line":11,"column":2},"end":{"line":15,"column":null}},{"start":{},"end":{}}],"line":11},"1":{"loc":{"start":{"line":28,"column":9},"end":{"line":28,"column":42}},"type":"binary-expr","locations":[{"start":{"line":28,"column":10},"end":{"line":28,"column":14}},{"start":{"line":28,"column":18},"end":{"line":28,"column":33}},{"start":{"line":28,"column":38},"end":{"line":28,"column":42}}],"line":28},"2":{"loc":{"start":{"line":33,"column":2},"end":{"line":37,"column":null}},"type":"if","locations":[{"start":{"line":33,"column":2},"end":{"line":37,"column":null}},{"start":{},"end":{}}],"line":33},"3":{"loc":{"start":{"line":43,"column":2},"end":{"line":45,"column":null}},"type":"if","locations":[{"start":{"line":43,"column":2},"end":{"line":45,"column":null}},{"start":{},"end":{}}],"line":43},"4":{"loc":{"start":{"line":50,"column":2},"end":{"line":52,"column":null}},"type":"if","locations":[{"start":{"line":50,"column":2},"end":{"line":52,"column":null}},{"start":{},"end":{}}],"line":50}},"s":{"0":1,"1":1,"2":1,"3":2,"4":2,"5":2,"6":2,"7":2,"8":2,"9":0,"10":0,"11":0,"12":2,"13":1,"14":2,"15":2,"16":2,"17":2,"18":2,"19":2,"20":2,"21":2,"22":2,"23":2,"24":0,"25":0,"26":0,"27":2,"28":1,"29":2,"30":2,"31":2,"32":1,"33":2,"34":2,"35":2,"36":1,"37":0,"38":0},"f":{"0":2,"1":2,"2":2,"3":2,"4":0},"b":{"0":[0,2],"1":[2,0,2],"2":[0,2],"3":[2,0],"4":[2,0]},"meta":{"lastBranch":5,"lastFunction":5,"lastStatement":39,"seen":{"s:1:20:1:24":0,"s:2:24:2:28":1,"s:4:25:18:1":2,"f:4:25:4:26":0,"s:5:13:5:46":3,"s:6:2:6:Infinity":4,"s:7:2:7:Infinity":5,"s:8:2:8:Infinity":6,"s:9:2:9:Infinity":7,"b:11:2:15:Infinity:undefined:undefined:undefined:undefined":0,"s:11:2:15:Infinity":8,"s:12:15:12:28":9,"s:13:4:13:Infinity":10,"s:14:4:14:Infinity":11,"s:17:2:17:Infinity":12,"s:20:21:40:1":13,"f:20:21:20:22":1,"s:21:13:21:53":14,"s:22:2:22:Infinity":15,"s:23:2:23:Infinity":16,"s:24:2:24:Infinity":17,"s:25:2:27:Infinity":18,"s:28:2:28:Infinity":19,"b:28:10:28:14:28:18:28:33:28:38:28:42":1,"s:29:2:29:Infinity":20,"s:30:2:30:Infinity":21,"s:31:2:31:Infinity":22,"b:33:2:37:Infinity:undefined:undefined:undefined:undefined":2,"s:33:2:37:Infinity":23,"s:34:15:34:28":24,"s:35:4:35:Infinity":25,"s:36:4:36:Infinity":26,"s:39:2:39:Infinity":27,"s:42:31:47:1":28,"f:42:31:42:32":2,"b:43:2:45:Infinity:undefined:undefined:undefined:undefined":3,"s:43:2:45:Infinity":29,"s:44:4:44:Infinity":30,"s:46:2:46:Infinity":31,"s:49:27:54:1":32,"f:49:27:49:28":3,"b:50:2:52:Infinity:undefined:undefined:undefined:undefined":4,"s:50:2:52:Infinity":33,"s:51:4:51:Infinity":34,"s:53:2:53:Infinity":35,"s:56:34:59:1":36,"f:56:34:56:35":4,"s:57:2:57:Infinity":37,"s:58:2:58:Infinity":38}}}
,"/Users/brunosabot/repos/github.com/brunosabot/streamline-card/src/streamline-card-editor.js": {"path":"/Users/brunosabot/repos/github.com/brunosabot/streamline-card/src/streamline-card-editor.js","statementMap":{"0":{"start":{"line":9,"column":10},"end":{"line":9,"column":19}},"1":{"start":{"line":10,"column":10},"end":{"line":10,"column":19}},"2":{"start":{"line":12,"column":15},"end":{"line":12,"column":33}},"3":{"start":{"line":15,"column":4},"end":{"line":15,"column":null}},"4":{"start":{"line":16,"column":4},"end":{"line":16,"column":null}},"5":{"start":{"line":17,"column":4},"end":{"line":17,"column":null}},"6":{"start":{"line":19,"column":20},"end":{"line":19,"column":55}},"7":{"start":{"line":21,"column":32},"end":{"line":21,"column":54}},"8":{"start":{"line":22,"column":4},"end":{"line":36,"column":null}},"9":{"start":{"line":23,"column":6},"end":{"line":29,"column":null}},"10":{"start":{"line":24,"column":8},"end":{"line":28,"column":null}},"11":{"start":{"line":31,"column":6},"end":{"line":35,"column":null}},"12":{"start":{"line":38,"column":4},"end":{"line":42,"column":null}},"13":{"start":{"line":39,"column":6},"end":{"line":41,"column":null}},"14":{"start":{"line":44,"column":4},"end":{"line":48,"column":null}},"15":{"start":{"line":50,"column":4},"end":{"line":50,"column":null}},"16":{"start":{"line":54,"column":4},"end":{"line":54,"column":null}},"17":{"start":{"line":58,"column":4},"end":{"line":58,"column":null}},"18":{"start":{"line":59,"column":4},"end":{"line":59,"column":null}},"19":{"start":{"line":63,"column":28},"end":{"line":63,"column":69}},"20":{"start":{"line":64,"column":28},"end":{"line":64,"column":56}},"21":{"start":{"line":66,"column":22},"end":{"line":66,"column":24}},"22":{"start":{"line":67,"column":4},"end":{"line":67,"column":null}},"23":{"start":{"line":68,"column":4},"end":{"line":68,"column":null}},"24":{"start":{"line":69,"column":4},"end":{"line":69,"column":null}},"25":{"start":{"line":70,"column":4},"end":{"line":72,"column":null}},"26":{"start":{"line":71,"column":6},"end":{"line":71,"column":null}},"27":{"start":{"line":73,"column":4},"end":{"line":75,"column":null}},"28":{"start":{"line":74,"column":6},"end":{"line":74,"column":null}},"29":{"start":{"line":76,"column":34},"end":{"line":76,"column":69}},"30":{"start":{"line":78,"column":4},"end":{"line":81,"column":null}},"31":{"start":{"line":79,"column":6},"end":{"line":79,"column":null}},"32":{"start":{"line":80,"column":6},"end":{"line":80,"column":null}},"33":{"start":{"line":83,"column":4},"end":{"line":83,"column":null}},"34":{"start":{"line":87,"column":22},"end":{"line":87,"column":70}},"35":{"start":{"line":89,"column":4},"end":{"line":102,"column":null}},"36":{"start":{"line":90,"column":6},"end":{"line":101,"column":null}},"37":{"start":{"line":94,"column":27},"end":{"line":94,"column":57}},"38":{"start":{"line":96,"column":10},"end":{"line":96,"column":67}},"39":{"start":{"line":98,"column":8},"end":{"line":98,"column":null}},"40":{"start":{"line":99,"column":13},"end":{"line":101,"column":null}},"41":{"start":{"line":100,"column":8},"end":{"line":100,"column":null}},"42":{"start":{"line":104,"column":4},"end":{"line":104,"column":null}},"43":{"start":{"line":108,"column":4},"end":{"line":108,"column":null}},"44":{"start":{"line":110,"column":4},"end":{"line":110,"column":null}},"45":{"start":{"line":111,"column":4},"end":{"line":111,"column":null}},"46":{"start":{"line":112,"column":4},"end":{"line":112,"column":null}},"47":{"start":{"line":114,"column":4},"end":{"line":114,"column":null}},"48":{"start":{"line":115,"column":4},"end":{"line":119,"column":null}},"49":{"start":{"line":121,"column":4},"end":{"line":121,"column":null}},"50":{"start":{"line":122,"column":4},"end":{"line":122,"column":null}},"51":{"start":{"line":123,"column":4},"end":{"line":123,"column":null}},"52":{"start":{"line":124,"column":4},"end":{"line":134,"column":null}},"53":{"start":{"line":125,"column":22},"end":{"line":125,"column":72}},"54":{"start":{"line":126,"column":6},"end":{"line":129,"column":null}},"55":{"start":{"line":127,"column":8},"end":{"line":127,"column":null}},"56":{"start":{"line":128,"column":8},"end":{"line":128,"column":null}},"57":{"start":{"line":131,"column":6},"end":{"line":131,"column":null}},"58":{"start":{"line":132,"column":6},"end":{"line":132,"column":null}},"59":{"start":{"line":133,"column":6},"end":{"line":133,"column":null}},"60":{"start":{"line":136,"column":4},"end":{"line":136,"column":null}},"61":{"start":{"line":137,"column":4},"end":{"line":137,"column":null}},"62":{"start":{"line":138,"column":4},"end":{"line":138,"column":null}},"63":{"start":{"line":142,"column":22},"end":{"line":142,"column":24}},"64":{"start":{"line":144,"column":27},"end":{"line":144,"column":52}},"65":{"start":{"line":145,"column":4},"end":{"line":149,"column":null}},"66":{"start":{"line":146,"column":6},"end":{"line":148,"column":null}},"67":{"start":{"line":151,"column":27},"end":{"line":151,"column":57}},"68":{"start":{"line":152,"column":27},"end":{"line":152,"column":51}},"69":{"start":{"line":154,"column":4},"end":{"line":156,"column":null}},"70":{"start":{"line":155,"column":6},"end":{"line":155,"column":null}},"71":{"start":{"line":158,"column":4},"end":{"line":167,"column":null}},"72":{"start":{"line":159,"column":24},"end":{"line":161,"column":7}},"73":{"start":{"line":160,"column":8},"end":{"line":160,"column":62}},"74":{"start":{"line":162,"column":25},"end":{"line":164,"column":7}},"75":{"start":{"line":163,"column":8},"end":{"line":163,"column":63}},"76":{"start":{"line":166,"column":6},"end":{"line":166,"column":null}},"77":{"start":{"line":171,"column":29},"end":{"line":171,"column":66}},"78":{"start":{"line":172,"column":4},"end":{"line":176,"column":null}},"79":{"start":{"line":173,"column":6},"end":{"line":175,"column":null}},"80":{"start":{"line":174,"column":8},"end":{"line":174,"column":null}},"81":{"start":{"line":178,"column":3},"end":{"line":178,"column":null}},"82":{"start":{"line":182,"column":22},"end":{"line":182,"column":35}},"83":{"start":{"line":184,"column":4},"end":{"line":184,"column":null}},"84":{"start":{"line":186,"column":4},"end":{"line":186,"column":null}},"85":{"start":{"line":190,"column":4},"end":{"line":203,"column":null}},"86":{"start":{"line":195,"column":48},"end":{"line":198,"column":11}},"87":{"start":{"line":207,"column":4},"end":{"line":210,"column":null}},"88":{"start":{"line":214,"column":4},"end":{"line":217,"column":null}},"89":{"start":{"line":221,"column":4},"end":{"line":224,"column":null}},"90":{"start":{"line":228,"column":22},"end":{"line":228,"column":69}},"91":{"start":{"line":230,"column":4},"end":{"line":234,"column":null}},"92":{"start":{"line":231,"column":6},"end":{"line":231,"column":null}},"93":{"start":{"line":232,"column":11},"end":{"line":234,"column":null}},"94":{"start":{"line":233,"column":6},"end":{"line":233,"column":null}},"95":{"start":{"line":236,"column":4},"end":{"line":236,"column":null}},"96":{"start":{"line":240,"column":22},"end":{"line":240,"column":73}},"97":{"start":{"line":242,"column":4},"end":{"line":253,"column":null}},"98":{"start":{"line":248,"column":10},"end":{"line":248,"column":53}},"99":{"start":{"line":257,"column":23},"end":{"line":257,"column":58}},"100":{"start":{"line":259,"column":6},"end":{"line":259,"column":62}},"101":{"start":{"line":260,"column":24},"end":{"line":262,"column":5}},"102":{"start":{"line":264,"column":4},"end":{"line":264,"column":null}},"103":{"start":{"line":268,"column":19},"end":{"line":268,"column":35}},"104":{"start":{"line":270,"column":29},"end":{"line":272,"column":5}},"105":{"start":{"line":271,"column":17},"end":{"line":271,"column":42}},"106":{"start":{"line":274,"column":4},"end":{"line":281,"column":null}},"107":{"start":{"line":275,"column":6},"end":{"line":275,"column":null}},"108":{"start":{"line":276,"column":6},"end":{"line":276,"column":null}},"109":{"start":{"line":277,"column":6},"end":{"line":277,"column":null}},"110":{"start":{"line":279,"column":6},"end":{"line":279,"column":null}},"111":{"start":{"line":280,"column":6},"end":{"line":280,"column":null}},"112":{"start":{"line":283,"column":4},"end":{"line":283,"column":null}},"113":{"start":{"line":285,"column":26},"end":{"line":288,"column":5}},"114":{"start":{"line":290,"column":4},"end":{"line":290,"column":null}},"115":{"start":{"line":294,"column":0},"end":{"line":296,"column":null}},"116":{"start":{"line":295,"column":2},"end":{"line":295,"column":null}}},"fnMap":{"0":{"name":"(anonymous_0)","decl":{"start":{"line":14,"column":2},"end":{"line":14,"column":13}},"loc":{"start":{"line":14,"column":20},"end":{"line":51,"column":null}},"line":14},"1":{"name":"(anonymous_1)","decl":{"start":{"line":23,"column":32},"end":{"line":23,"column":33}},"loc":{"start":{"line":23,"column":38},"end":{"line":29,"column":7}},"line":23},"2":{"name":"(anonymous_2)","decl":{"start":{"line":53,"column":6},"end":{"line":53,"column":10}},"loc":{"start":{"line":53,"column":13},"end":{"line":55,"column":null}},"line":53},"3":{"name":"(anonymous_3)","decl":{"start":{"line":57,"column":6},"end":{"line":57,"column":10}},"loc":{"start":{"line":57,"column":17},"end":{"line":60,"column":null}},"line":57},"4":{"name":"(anonymous_4)","decl":{"start":{"line":62,"column":2},"end":{"line":62,"column":11}},"loc":{"start":{"line":62,"column":20},"end":{"line":84,"column":null}},"line":62},"5":{"name":"(anonymous_5)","decl":{"start":{"line":86,"column":2},"end":{"line":86,"column":21}},"loc":{"start":{"line":86,"column":33},"end":{"line":105,"column":null}},"line":86},"6":{"name":"(anonymous_6)","decl":{"start":{"line":89,"column":22},"end":{"line":89,"column":23}},"loc":{"start":{"line":89,"column":36},"end":{"line":102,"column":5}},"line":89},"7":{"name":"(anonymous_7)","decl":{"start":{"line":107,"column":2},"end":{"line":107,"column":12}},"loc":{"start":{"line":107,"column":15},"end":{"line":139,"column":null}},"line":107},"8":{"name":"(anonymous_8)","decl":{"start":{"line":124,"column":57},"end":{"line":124,"column":58}},"loc":{"start":{"line":124,"column":65},"end":{"line":134,"column":5}},"line":124},"9":{"name":"(anonymous_9)","decl":{"start":{"line":141,"column":2},"end":{"line":141,"column":25}},"loc":{"start":{"line":141,"column":36},"end":{"line":168,"column":null}},"line":141},"10":{"name":"(anonymous_10)","decl":{"start":{"line":154,"column":57},"end":{"line":154,"column":58}},"loc":{"start":{"line":154,"column":71},"end":{"line":156,"column":5}},"line":154},"11":{"name":"(anonymous_11)","decl":{"start":{"line":158,"column":39},"end":{"line":158,"column":40}},"loc":{"start":{"line":158,"column":56},"end":{"line":167,"column":5}},"line":158},"12":{"name":"(anonymous_12)","decl":{"start":{"line":159,"column":65},"end":{"line":159,"column":66}},"loc":{"start":{"line":160,"column":8},"end":{"line":160,"column":62}},"line":160},"13":{"name":"(anonymous_13)","decl":{"start":{"line":162,"column":66},"end":{"line":162,"column":67}},"loc":{"start":{"line":163,"column":8},"end":{"line":163,"column":63}},"line":163},"14":{"name":"(anonymous_14)","decl":{"start":{"line":170,"column":2},"end":{"line":170,"column":12}},"loc":{"start":{"line":170,"column":24},"end":{"line":179,"column":null}},"line":170},"15":{"name":"(anonymous_15)","decl":{"start":{"line":172,"column":52},"end":{"line":172,"column":53}},"loc":{"start":{"line":172,"column":66},"end":{"line":176,"column":5}},"line":172},"16":{"name":"(anonymous_16)","decl":{"start":{"line":181,"column":9},"end":{"line":181,"column":21}},"loc":{"start":{"line":181,"column":30},"end":{"line":187,"column":null}},"line":181},"17":{"name":"(anonymous_17)","decl":{"start":{"line":189,"column":9},"end":{"line":189,"column":26}},"loc":{"start":{"line":189,"column":38},"end":{"line":204,"column":null}},"line":189},"18":{"name":"(anonymous_18)","decl":{"start":{"line":195,"column":33},"end":{"line":195,"column":34}},"loc":{"start":{"line":195,"column":48},"end":{"line":198,"column":11}},"line":195},"19":{"name":"(anonymous_19)","decl":{"start":{"line":206,"column":9},"end":{"line":206,"column":24}},"loc":{"start":{"line":206,"column":31},"end":{"line":211,"column":null}},"line":206},"20":{"name":"(anonymous_20)","decl":{"start":{"line":213,"column":9},"end":{"line":213,"column":22}},"loc":{"start":{"line":213,"column":29},"end":{"line":218,"column":null}},"line":213},"21":{"name":"(anonymous_21)","decl":{"start":{"line":220,"column":9},"end":{"line":220,"column":25}},"loc":{"start":{"line":220,"column":32},"end":{"line":225,"column":null}},"line":220},"22":{"name":"(anonymous_22)","decl":{"start":{"line":227,"column":9},"end":{"line":227,"column":26}},"loc":{"start":{"line":227,"column":37},"end":{"line":237,"column":null}},"line":227},"23":{"name":"(anonymous_23)","decl":{"start":{"line":239,"column":2},"end":{"line":239,"column":11}},"loc":{"start":{"line":239,"column":14},"end":{"line":254,"column":null}},"line":239},"24":{"name":"(anonymous_24)","decl":{"start":{"line":247,"column":30},"end":{"line":247,"column":31}},"loc":{"start":{"line":248,"column":10},"end":{"line":248,"column":53}},"line":248},"25":{"name":"(anonymous_25)","decl":{"start":{"line":256,"column":9},"end":{"line":256,"column":21}},"loc":{"start":{"line":256,"column":30},"end":{"line":265,"column":null}},"line":256},"26":{"name":"(anonymous_26)","decl":{"start":{"line":267,"column":2},"end":{"line":267,"column":8}},"loc":{"start":{"line":267,"column":11},"end":{"line":291,"column":null}},"line":267},"27":{"name":"(anonymous_27)","decl":{"start":{"line":271,"column":6},"end":{"line":271,"column":7}},"loc":{"start":{"line":271,"column":17},"end":{"line":271,"column":42}},"line":271}},"branchMap":{"0":{"loc":{"start":{"line":17,"column":19},"end":{"line":17,"column":73}},"type":"binary-expr","locations":[{"start":{"line":17,"column":19},"end":{"line":17,"column":34}},{"start":{"line":17,"column":38},"end":{"line":17,"column":73}}],"line":17},"1":{"loc":{"start":{"line":19,"column":20},"end":{"line":19,"column":55}},"type":"binary-expr","locations":[{"start":{"line":19,"column":20},"end":{"line":19,"column":34}},{"start":{"line":19,"column":37},"end":{"line":19,"column":55}}],"line":19},"2":{"loc":{"start":{"line":22,"column":4},"end":{"line":36,"column":null}},"type":"if","locations":[{"start":{"line":22,"column":4},"end":{"line":36,"column":null}},{"start":{"line":30,"column":11},"end":{"line":36,"column":null}}],"line":22},"3":{"loc":{"start":{"line":38,"column":4},"end":{"line":42,"column":null}},"type":"if","locations":[{"start":{"line":38,"column":4},"end":{"line":42,"column":null}},{"start":{},"end":{}}],"line":38},"4":{"loc":{"start":{"line":68,"column":25},"end":{"line":68,"column":72}},"type":"binary-expr","locations":[{"start":{"line":68,"column":25},"end":{"line":68,"column":49}},{"start":{"line":68,"column":53},"end":{"line":68,"column":66}},{"start":{"line":68,"column":70},"end":{"line":68,"column":72}}],"line":68},"5":{"loc":{"start":{"line":69,"column":26},"end":{"line":69,"column":57}},"type":"binary-expr","locations":[{"start":{"line":69,"column":26},"end":{"line":69,"column":51}},{"start":{"line":69,"column":55},"end":{"line":69,"column":57}}],"line":69},"6":{"loc":{"start":{"line":70,"column":4},"end":{"line":72,"column":null}},"type":"if","locations":[{"start":{"line":70,"column":4},"end":{"line":72,"column":null}},{"start":{},"end":{}}],"line":70},"7":{"loc":{"start":{"line":73,"column":4},"end":{"line":75,"column":null}},"type":"if","locations":[{"start":{"line":73,"column":4},"end":{"line":75,"column":null}},{"start":{},"end":{}}],"line":73},"8":{"loc":{"start":{"line":78,"column":4},"end":{"line":81,"column":null}},"type":"if","locations":[{"start":{"line":78,"column":4},"end":{"line":81,"column":null}},{"start":{},"end":{}}],"line":78},"9":{"loc":{"start":{"line":90,"column":6},"end":{"line":101,"column":null}},"type":"if","locations":[{"start":{"line":90,"column":6},"end":{"line":101,"column":null}},{"start":{"line":99,"column":13},"end":{"line":101,"column":null}}],"line":90},"10":{"loc":{"start":{"line":91,"column":8},"end":{"line":92,"column":null}},"type":"binary-expr","locations":[{"start":{"line":91,"column":8},"end":{"line":91,"column":49}},{"start":{"line":92,"column":8},"end":{"line":92,"column":null}}],"line":91},"11":{"loc":{"start":{"line":99,"column":13},"end":{"line":101,"column":null}},"type":"if","locations":[{"start":{"line":99,"column":13},"end":{"line":101,"column":null}},{"start":{},"end":{}}],"line":99},"12":{"loc":{"start":{"line":126,"column":6},"end":{"line":129,"column":null}},"type":"if","locations":[{"start":{"line":126,"column":6},"end":{"line":129,"column":null}},{"start":{},"end":{}}],"line":126},"13":{"loc":{"start":{"line":145,"column":4},"end":{"line":149,"column":null}},"type":"if","locations":[{"start":{"line":145,"column":4},"end":{"line":149,"column":null}},{"start":{},"end":{}}],"line":145},"14":{"loc":{"start":{"line":160,"column":22},"end":{"line":160,"column":55}},"type":"binary-expr","locations":[{"start":{"line":160,"column":22},"end":{"line":160,"column":49}},{"start":{"line":160,"column":53},"end":{"line":160,"column":55}}],"line":160},"15":{"loc":{"start":{"line":163,"column":22},"end":{"line":163,"column":55}},"type":"binary-expr","locations":[{"start":{"line":163,"column":22},"end":{"line":163,"column":49}},{"start":{"line":163,"column":53},"end":{"line":163,"column":55}}],"line":163},"16":{"loc":{"start":{"line":173,"column":6},"end":{"line":175,"column":null}},"type":"if","locations":[{"start":{"line":173,"column":6},"end":{"line":175,"column":null}},{"start":{},"end":{}}],"line":173},"17":{"loc":{"start":{"line":184,"column":47},"end":{"line":184,"column":72}},"type":"binary-expr","locations":[{"start":{"line":184,"column":47},"end":{"line":184,"column":66}},{"start":{"line":184,"column":70},"end":{"line":184,"column":72}}],"line":184},"18":{"loc":{"start":{"line":230,"column":4},"end":{"line":234,"column":null}},"type":"if","locations":[{"start":{"line":230,"column":4},"end":{"line":234,"column":null}},{"start":{"line":232,"column":11},"end":{"line":234,"column":null}}],"line":230},"19":{"loc":{"start":{"line":232,"column":11},"end":{"line":234,"column":null}},"type":"if","locations":[{"start":{"line":232,"column":11},"end":{"line":234,"column":null}},{"start":{},"end":{}}],"line":232},"20":{"loc":{"start":{"line":264,"column":11},"end":{"line":264,"column":38}},"type":"binary-expr","locations":[{"start":{"line":264,"column":11},"end":{"line":264,"column":22}},{"start":{"line":264,"column":26},"end":{"line":264,"column":38}}],"line":264},"21":{"loc":{"start":{"line":274,"column":4},"end":{"line":281,"column":null}},"type":"if","locations":[{"start":{"line":274,"column":4},"end":{"line":281,"column":null}},{"start":{"line":278,"column":11},"end":{"line":281,"column":null}}],"line":274},"22":{"loc":{"start":{"line":294,"column":0},"end":{"line":296,"column":null}},"type":"if","locations":[{"start":{"line":294,"column":0},"end":{"line":296,"column":null}},{"start":{},"end":{}}],"line":294}},"s":{"0":7,"1":7,"2":7,"3":7,"4":7,"5":7,"6":7,"7":7,"8":7,"9":7,"10":0,"11":0,"12":7,"13":0,"14":7,"15":7,"16":0,"17":0,"18":0,"19":2,"20":2,"21":2,"22":2,"23":2,"24":2,"25":2,"26":0,"27":2,"28":0,"29":2,"30":2,"31":2,"32":2,"33":2,"34":2,"35":2,"36":2,"37":0,"38":0,"39":0,"40":2,"41":2,"42":2,"43":7,"44":7,"45":7,"46":7,"47":7,"48":7,"49":7,"50":7,"51":7,"52":7,"53":0,"54":0,"55":0,"56":0,"57":0,"58":0,"59":0,"60":7,"61":7,"62":7,"63":6,"64":6,"65":6,"66":0,"67":6,"68":6,"69":6,"70":6,"71":6,"72":1,"73":0,"74":1,"75":0,"76":1,"77":2,"78":2,"79":8,"80":2,"81":2,"82":2,"83":2,"84":2,"85":2,"86":2,"87":2,"88":0,"89":2,"90":2,"91":2,"92":2,"93":0,"94":0,"95":2,"96":2,"97":2,"98":2,"99":0,"100":0,"101":0,"102":0,"103":2,"104":2,"105":8,"106":2,"107":0,"108":0,"109":0,"110":2,"111":2,"112":2,"113":2,"114":2,"115":2,"116":2},"f":{"0":7,"1":0,"2":0,"3":0,"4":2,"5":2,"6":2,"7":7,"8":0,"9":6,"10":6,"11":1,"12":0,"13":0,"14":2,"15":8,"16":2,"17":2,"18":2,"19":2,"20":2,"21":2,"22":2,"23":2,"24":2,"25":2,"26":2,"27":8},"b":{"0":[7,7],"1":[7,2],"2":[7,0],"3":[0,7],"4":[2,0,0],"5":[2,0],"6":[0,2],"7":[0,2],"8":[2,0],"9":[0,2],"10":[2,2],"11":[2,0],"12":[0,0],"13":[0,6],"14":[0,0],"15":[0,0],"16":[2,6],"17":[2,0],"18":[2,0],"19":[0,0],"20":[0,0],"21":[0,2],"22":[2,0]},"meta":{"lastBranch":23,"lastFunction":28,"lastStatement":117,"seen":{"s:9:10:9:19":0,"s:10:10:10:19":1,"s:12:15:12:33":2,"f:14:2:14:13":0,"s:15:4:15:Infinity":3,"s:16:4:16:Infinity":4,"s:17:4:17:Infinity":5,"b:17:19:17:34:17:38:17:73":0,"s:19:20:19:55":6,"b:19:20:19:34:19:37:19:55":1,"s:21:32:21:54":7,"b:22:4:36:Infinity:30:11:36:Infinity":2,"s:22:4:36:Infinity":8,"s:23:6:29:Infinity":9,"f:23:32:23:33":1,"s:24:8:28:Infinity":10,"s:31:6:35:Infinity":11,"b:38:4:42:Infinity:undefined:undefined:undefined:undefined":3,"s:38:4:42:Infinity":12,"s:39:6:41:Infinity":13,"s:44:4:48:Infinity":14,"s:50:4:50:Infinity":15,"f:53:6:53:10":2,"s:54:4:54:Infinity":16,"f:57:6:57:10":3,"s:58:4:58:Infinity":17,"s:59:4:59:Infinity":18,"f:62:2:62:11":4,"s:63:28:63:69":19,"s:64:28:64:56":20,"s:66:22:66:24":21,"s:67:4:67:Infinity":22,"s:68:4:68:Infinity":23,"b:68:25:68:49:68:53:68:66:68:70:68:72":4,"s:69:4:69:Infinity":24,"b:69:26:69:51:69:55:69:57":5,"b:70:4:72:Infinity:undefined:undefined:undefined:undefined":6,"s:70:4:72:Infinity":25,"s:71:6:71:Infinity":26,"b:73:4:75:Infinity:undefined:undefined:undefined:undefined":7,"s:73:4:75:Infinity":27,"s:74:6:74:Infinity":28,"s:76:34:76:69":29,"b:78:4:81:Infinity:undefined:undefined:undefined:undefined":8,"s:78:4:81:Infinity":30,"s:79:6:79:Infinity":31,"s:80:6:80:Infinity":32,"s:83:4:83:Infinity":33,"f:86:2:86:21":5,"s:87:22:87:70":34,"s:89:4:102:Infinity":35,"f:89:22:89:23":6,"b:90:6:101:Infinity:99:13:101:Infinity":9,"s:90:6:101:Infinity":36,"b:91:8:91:49:92:8:92:Infinity":10,"s:94:27:94:57":37,"s:96:10:96:67":38,"s:98:8:98:Infinity":39,"b:99:13:101:Infinity:undefined:undefined:undefined:undefined":11,"s:99:13:101:Infinity":40,"s:100:8:100:Infinity":41,"s:104:4:104:Infinity":42,"f:107:2:107:12":7,"s:108:4:108:Infinity":43,"s:110:4:110:Infinity":44,"s:111:4:111:Infinity":45,"s:112:4:112:Infinity":46,"s:114:4:114:Infinity":47,"s:115:4:119:Infinity":48,"s:121:4:121:Infinity":49,"s:122:4:122:Infinity":50,"s:123:4:123:Infinity":51,"s:124:4:134:Infinity":52,"f:124:57:124:58":8,"s:125:22:125:72":53,"b:126:6:129:Infinity:undefined:undefined:undefined:undefined":12,"s:126:6:129:Infinity":54,"s:127:8:127:Infinity":55,"s:128:8:128:Infinity":56,"s:131:6:131:Infinity":57,"s:132:6:132:Infinity":58,"s:133:6:133:Infinity":59,"s:136:4:136:Infinity":60,"s:137:4:137:Infinity":61,"s:138:4:138:Infinity":62,"f:141:2:141:25":9,"s:142:22:142:24":63,"s:144:27:144:52":64,"b:145:4:149:Infinity:undefined:undefined:undefined:undefined":13,"s:145:4:149:Infinity":65,"s:146:6:148:Infinity":66,"s:151:27:151:57":67,"s:152:27:152:51":68,"s:154:4:156:Infinity":69,"f:154:57:154:58":10,"s:155:6:155:Infinity":70,"s:158:4:167:Infinity":71,"f:158:39:158:40":11,"s:159:24:161:7":72,"f:159:65:159:66":12,"s:160:8:160:62":73,"b:160:22:160:49:160:53:160:55":14,"s:162:25:164:7":74,"f:162:66:162:67":13,"s:163:8:163:63":75,"b:163:22:163:49:163:53:163:55":15,"s:166:6:166:Infinity":76,"f:170:2:170:12":14,"s:171:29:171:66":77,"s:172:4:176:Infinity":78,"f:172:52:172:53":15,"b:173:6:175:Infinity:undefined:undefined:undefined:undefined":16,"s:173:6:175:Infinity":79,"s:174:8:174:Infinity":80,"s:178:3:178:Infinity":81,"f:181:9:181:21":16,"s:182:22:182:35":82,"s:184:4:184:Infinity":83,"b:184:47:184:66:184:70:184:72":17,"s:186:4:186:Infinity":84,"f:189:9:189:26":17,"s:190:4:203:Infinity":85,"f:195:33:195:34":18,"s:195:48:198:11":86,"f:206:9:206:24":19,"s:207:4:210:Infinity":87,"f:213:9:213:22":20,"s:214:4:217:Infinity":88,"f:220:9:220:25":21,"s:221:4:224:Infinity":89,"f:227:9:227:26":22,"s:228:22:228:69":90,"b:230:4:234:Infinity:232:11:234:Infinity":18,"s:230:4:234:Infinity":91,"s:231:6:231:Infinity":92,"b:232:11:234:Infinity:undefined:undefined:undefined:undefined":19,"s:232:11:234:Infinity":93,"s:233:6:233:Infinity":94,"s:236:4:236:Infinity":95,"f:239:2:239:11":23,"s:240:22:240:73":96,"s:242:4:253:Infinity":97,"f:247:30:247:31":24,"s:248:10:248:53":98,"f:256:9:256:21":25,"s:257:23:257:58":99,"s:259:6:259:62":100,"s:260:24:262:5":101,"s:264:4:264:Infinity":102,"b:264:11:264:22:264:26:264:38":20,"f:267:2:267:8":26,"s:268:19:268:35":103,"s:270:29:272:5":104,"f:271:6:271:7":27,"s:271:17:271:42":105,"b:274:4:281:Infinity:278:11:281:Infinity":21,"s:274:4:281:Infinity":106,"s:275:6:275:Infinity":107,"s:276:6:276:Infinity":108,"s:277:6:277:Infinity":109,"s:279:6:279:Infinity":110,"s:280:6:280:Infinity":111,"s:283:4:283:Infinity":112,"s:285:26:288:5":113,"s:290:4:290:Infinity":114,"b:294:0:296:Infinity:undefined:undefined:undefined:undefined":22,"s:294:0:296:Infinity":115,"s:295:2:295:Infinity":116}}}
,"/Users/brunosabot/repos/github.com/brunosabot/streamline-card/src/templateLoader.js": {"path":"/Users/brunosabot/repos/github.com/brunosabot/streamline-card/src/templateLoader.js","statementMap":{"0":{"start":{"line":3,"column":22},"end":{"line":3,"column":24}},"1":{"start":{"line":4,"column":23},"end":{"line":4,"column":27}},"2":{"start":{"line":6,"column":34},"end":{"line":6,"column":55}},"3":{"start":{"line":6,"column":40},"end":{"line":6,"column":55}},"4":{"start":{"line":8,"column":29},"end":{"line":18,"column":1}},"5":{"start":{"line":9,"column":2},"end":{"line":16,"column":null}},"6":{"start":{"line":10,"column":4},"end":{"line":15,"column":null}},"7":{"start":{"line":11,"column":26},"end":{"line":11,"column":41}},"8":{"start":{"line":13,"column":8},"end":{"line":13,"column":null}},"9":{"start":{"line":14,"column":8},"end":{"line":14,"column":null}},"10":{"start":{"line":17,"column":2},"end":{"line":17,"column":null}},"11":{"start":{"line":20,"column":35},"end":{"line":30,"column":1}},"12":{"start":{"line":21,"column":19},"end":{"line":21,"column":62}},"13":{"start":{"line":23,"column":2},"end":{"line":27,"column":null}},"14":{"start":{"line":24,"column":4},"end":{"line":26,"column":null}},"15":{"start":{"line":25,"column":19},"end":{"line":25,"column":61}},"16":{"start":{"line":26,"column":19},"end":{"line":26,"column":71}},"17":{"start":{"line":29,"column":2},"end":{"line":29,"column":null}}},"fnMap":{"0":{"name":"(anonymous_0)","decl":{"start":{"line":6,"column":34},"end":{"line":6,"column":35}},"loc":{"start":{"line":6,"column":40},"end":{"line":6,"column":55}},"line":6},"1":{"name":"(anonymous_1)","decl":{"start":{"line":8,"column":29},"end":{"line":8,"column":30}},"loc":{"start":{"line":8,"column":38},"end":{"line":18,"column":1}},"line":8},"2":{"name":"(anonymous_2)","decl":{"start":{"line":11,"column":12},"end":{"line":11,"column":13}},"loc":{"start":{"line":11,"column":26},"end":{"line":11,"column":41}},"line":11},"3":{"name":"(anonymous_3)","decl":{"start":{"line":12,"column":12},"end":{"line":12,"column":13}},"loc":{"start":{"line":12,"column":22},"end":{"line":15,"column":7}},"line":12},"4":{"name":"(anonymous_4)","decl":{"start":{"line":20,"column":35},"end":{"line":20,"column":36}},"loc":{"start":{"line":20,"column":41},"end":{"line":30,"column":1}},"line":20},"5":{"name":"(anonymous_5)","decl":{"start":{"line":25,"column":13},"end":{"line":25,"column":14}},"loc":{"start":{"line":25,"column":19},"end":{"line":25,"column":61}},"line":25},"6":{"name":"(anonymous_6)","decl":{"start":{"line":26,"column":13},"end":{"line":26,"column":14}},"loc":{"start":{"line":26,"column":19},"end":{"line":26,"column":71}},"line":26}},"branchMap":{"0":{"loc":{"start":{"line":9,"column":2},"end":{"line":16,"column":null}},"type":"if","locations":[{"start":{"line":9,"column":2},"end":{"line":16,"column":null}},{"start":{},"end":{}}],"line":9},"1":{"loc":{"start":{"line":23,"column":2},"end":{"line":27,"column":null}},"type":"if","locations":[{"start":{"line":23,"column":2},"end":{"line":27,"column":null}},{"start":{},"end":{}}],"line":23}},"s":{"0":2,"1":2,"2":2,"3":0,"4":2,"5":4,"6":2,"7":0,"8":0,"9":0,"10":4,"11":2,"12":7,"13":7,"14":2,"15":2,"16":0,"17":7},"f":{"0":0,"1":4,"2":0,"3":0,"4":7,"5":2,"6":0},"b":{"0":[2,2],"1":[2,5]},"meta":{"lastBranch":2,"lastFunction":7,"lastStatement":18,"seen":{"s:3:22:3:24":0,"s:4:23:4:27":1,"s:6:34:6:55":2,"f:6:34:6:35":0,"s:6:40:6:55":3,"s:8:29:18:1":4,"f:8:29:8:30":1,"b:9:2:16:Infinity:undefined:undefined:undefined:undefined":0,"s:9:2:16:Infinity":5,"s:10:4:15:Infinity":6,"f:11:12:11:13":2,"s:11:26:11:41":7,"f:12:12:12:13":3,"s:13:8:13:Infinity":8,"s:14:8:14:Infinity":9,"s:17:2:17:Infinity":10,"s:20:35:30:1":11,"f:20:35:20:36":4,"s:21:19:21:62":12,"b:23:2:27:Infinity:undefined:undefined:undefined:undefined":1,"s:23:2:27:Infinity":13,"s:24:4:26:Infinity":14,"f:25:13:25:14":5,"s:25:19:25:61":15,"f:26:13:26:14":6,"s:26:19:26:71":16,"s:29:2:29:Infinity":17}}}
,"/Users/brunosabot/repos/github.com/brunosabot/streamline-card/src/__fixtures__/hass.fixture.js": {"path":"/Users/brunosabot/repos/github.com/brunosabot/streamline-card/src/__fixtures__/hass.fixture.js","statementMap":{},"fnMap":{},"branchMap":{},"s":{},"f":{},"b":{},"meta":{"lastBranch":0,"lastFunction":0,"lastStatement":0,"seen":{}}}
,"/Users/brunosabot/repos/github.com/brunosabot/streamline-card/src/__mocks__/getLovelace.helper.js": {"path":"/Users/brunosabot/repos/github.com/brunosabot/streamline-card/src/__mocks__/getLovelace.helper.js","statementMap":{"0":{"start":{"line":1,"column":31},"end":{"line":1,"column":41}},"1":{"start":{"line":1,"column":37},"end":{"line":1,"column":41}},"2":{"start":{"line":3,"column":27},"end":{"line":15,"column":2}},"3":{"start":{"line":3,"column":34},"end":{"line":15,"column":1}}},"fnMap":{"0":{"name":"(anonymous_0)","decl":{"start":{"line":1,"column":31},"end":{"line":1,"column":32}},"loc":{"start":{"line":1,"column":37},"end":{"line":1,"column":41}},"line":1},"1":{"name":"(anonymous_1)","decl":{"start":{"line":3,"column":27},"end":{"line":3,"column":28}},"loc":{"start":{"line":3,"column":34},"end":{"line":15,"column":1}},"line":3}},"branchMap":{},"s":{"0":1,"1":0,"2":1,"3":5},"f":{"0":0,"1":5},"b":{},"meta":{"lastBranch":0,"lastFunction":2,"lastStatement":4,"seen":{"s:1:31:1:41":0,"f:1:31:1:32":0,"s:1:37:1:41":1,"s:3:27:15:2":2,"f:3:27:3:28":1,"s:3:34:15:1":3}}}
,"/Users/brunosabot/repos/github.com/brunosabot/streamline-card/src/templates/exampleTile.js": {"path":"/Users/brunosabot/repos/github.com/brunosabot/streamline-card/src/templates/exampleTile.js","statementMap":{},"fnMap":{},"branchMap":{},"s":{},"f":{},"b":{},"meta":{"lastBranch":0,"lastFunction":0,"lastStatement":0,"seen":{}}}
}
